{"meta": {"format": 3, "version": "7.13.0", "timestamp": "2025-12-17T00:20:28.491443", "branch_coverage": false, "show_contexts": false}, "files": {"receipt_chroma/__init__.py": {"executed_lines": [1, 3, 6, 12, 15, 20, 24, 28, 35, 37], "summary": {"covered_lines": 9, "num_statements": 9, "percent_covered": 100.0, "percent_covered_display": "100", "missing_lines": 0, "excluded_lines": 0, "percent_statements_covered": 100.0, "percent_statements_covered_display": "100"}, "missing_lines": [], "excluded_lines": [], "functions": {"": {"executed_lines": [1, 3, 6, 12, 15, 20, 24, 28, 35, 37], "summary": {"covered_lines": 9, "num_statements": 9, "percent_covered": 100.0, "percent_covered_display": "100", "missing_lines": 0, "excluded_lines": 0, "percent_statements_covered": 100.0, "percent_statements_covered_display": "100"}, "missing_lines": [], "excluded_lines": []}}, "classes": {"": {"executed_lines": [1, 3, 6, 12, 15, 20, 24, 28, 35, 37], "summary": {"covered_lines": 9, "num_statements": 9, "percent_covered": 100.0, "percent_covered_display": "100", "missing_lines": 0, "excluded_lines": 0, "percent_statements_covered": 100.0, "percent_statements_covered_display": "100"}, "missing_lines": [], "excluded_lines": []}}}, "receipt_chroma/compaction/__init__.py": {"executed_lines": [1, 3, 4, 5, 6, 11, 13], "summary": {"covered_lines": 6, "num_statements": 6, "percent_covered": 100.0, "percent_covered_display": "100", "missing_lines": 0, "excluded_lines": 0, "percent_statements_covered": 100.0, "percent_statements_covered_display": "100"}, "missing_lines": [], "excluded_lines": [], "functions": {"": {"executed_lines": [1, 3, 4, 5, 6, 11, 13], "summary": {"covered_lines": 6, "num_statements": 6, "percent_covered": 100.0, "percent_covered_display": "100", "missing_lines": 0, "excluded_lines": 0, "percent_statements_covered": 100.0, "percent_statements_covered_display": "100"}, "missing_lines": [], "excluded_lines": []}}, "classes": {"": {"executed_lines": [1, 3, 4, 5, 6, 11, 13], "summary": {"covered_lines": 6, "num_statements": 6, "percent_covered": 100.0, "percent_covered_display": "100", "missing_lines": 0, "excluded_lines": 0, "percent_statements_covered": 100.0, "percent_statements_covered_display": "100"}, "missing_lines": [], "excluded_lines": []}}}, "receipt_chroma/compaction/deltas.py": {"executed_lines": [1, 3, 4, 5, 6, 8, 9, 10, 12, 15, 40, 41, 43, 45, 46, 48, 49, 50, 51, 52, 53, 54, 55, 57, 62, 63, 66, 69, 70, 71, 73, 74, 77, 84, 85, 86, 89, 92, 93, 94, 95, 98, 102, 103, 106, 107, 108, 111, 112, 116, 117, 121, 130, 133, 136, 138, 143, 147, 148, 154, 155, 158, 161, 170, 171, 184, 187, 211, 212, 215, 216, 217, 218, 220, 221, 222, 225, 226, 227, 228, 230, 232, 233, 234, 237, 242, 244, 245, 247, 248, 249, 252, 260, 261, 262, 263, 265, 266, 267, 268, 271, 272, 273, 277, 286, 287, 288, 290, 291], "summary": {"covered_lines": 108, "num_statements": 123, "percent_covered": 87.8048780487805, "percent_covered_display": "88", "missing_lines": 15, "excluded_lines": 0, "percent_statements_covered": 87.8048780487805, "percent_statements_covered_display": "88"}, "missing_lines": [139, 150, 163, 164, 167, 180, 181, 182, 241, 250, 255, 257, 269, 281, 284], "excluded_lines": [], "functions": {"merge_compaction_deltas": {"executed_lines": [40, 41, 43, 45, 46, 48, 49, 50, 51, 52, 53, 54, 55, 57, 62, 63, 66, 69, 70, 71, 73, 74, 77, 84, 85, 86, 89, 92, 93, 94, 95, 98, 102, 103, 106, 107, 108, 111, 112, 116, 117, 121, 130, 133, 136, 138, 143, 147, 148, 154, 155, 158, 161, 170, 171, 184], "summary": {"covered_lines": 56, "num_statements": 64, "percent_covered": 87.5, "percent_covered_display": "88", "missing_lines": 8, "excluded_lines": 0, "percent_statements_covered": 87.5, "percent_statements_covered_display": "88"}, "missing_lines": [139, 150, 163, 164, 167, 180, 181, 182], "excluded_lines": []}, "_download_delta_to_dir": {"executed_lines": [211, 212, 215, 216, 217, 218, 220, 221, 222, 225, 226, 227, 228, 230, 232, 233, 234, 237, 242, 244, 245, 247, 248, 249, 252, 260, 261, 262, 263, 265, 266, 267, 268, 271, 272, 273, 277, 286, 287, 288, 290, 291], "summary": {"covered_lines": 42, "num_statements": 49, "percent_covered": 85.71428571428571, "percent_covered_display": "86", "missing_lines": 7, "excluded_lines": 0, "percent_statements_covered": 85.71428571428571, "percent_statements_covered_display": "86"}, "missing_lines": [241, 250, 255, 257, 269, 281, 284], "excluded_lines": []}, "": {"executed_lines": [1, 3, 4, 5, 6, 8, 9, 10, 12, 15, 187], "summary": {"covered_lines": 10, "num_statements": 10, "percent_covered": 100.0, "percent_covered_display": "100", "missing_lines": 0, "excluded_lines": 0, "percent_statements_covered": 100.0, "percent_statements_covered_display": "100"}, "missing_lines": [], "excluded_lines": []}}, "classes": {"": {"executed_lines": [1, 3, 4, 5, 6, 8, 9, 10, 12, 15, 40, 41, 43, 45, 46, 48, 49, 50, 51, 52, 53, 54, 55, 57, 62, 63, 66, 69, 70, 71, 73, 74, 77, 84, 85, 86, 89, 92, 93, 94, 95, 98, 102, 103, 106, 107, 108, 111, 112, 116, 117, 121, 130, 133, 136, 138, 143, 147, 148, 154, 155, 158, 161, 170, 171, 184, 187, 211, 212, 215, 216, 217, 218, 220, 221, 222, 225, 226, 227, 228, 230, 232, 233, 234, 237, 242, 244, 245, 247, 248, 249, 252, 260, 261, 262, 263, 265, 266, 267, 268, 271, 272, 273, 277, 286, 287, 288, 290, 291], "summary": {"covered_lines": 108, "num_statements": 123, "percent_covered": 87.8048780487805, "percent_covered_display": "88", "missing_lines": 15, "excluded_lines": 0, "percent_statements_covered": 87.8048780487805, "percent_statements_covered_display": "88"}, "missing_lines": [139, 150, 163, 164, 167, 180, 181, 182, 241, 250, 255, 257, 269, 281, 284], "excluded_lines": []}}}, "receipt_chroma/compaction/labels.py": {"executed_lines": [1, 3, 5, 6, 8, 9, 10, 16, 42, 43, 46, 47, 48, 49, 50, 53, 54, 55, 56, 57, 59, 60, 61, 62, 65, 71, 72, 80, 94, 103, 104, 105, 115], "summary": {"covered_lines": 32, "num_statements": 32, "percent_covered": 100.0, "percent_covered_display": "100", "missing_lines": 0, "excluded_lines": 0, "percent_statements_covered": 100.0, "percent_statements_covered_display": "100"}, "missing_lines": [], "excluded_lines": [], "functions": {"apply_label_updates": {"executed_lines": [42, 43, 46, 47, 48, 49, 50, 53, 54, 55, 56, 57, 59, 60, 61, 62, 65, 71, 72, 80, 94, 103, 104, 105, 115], "summary": {"covered_lines": 25, "num_statements": 25, "percent_covered": 100.0, "percent_covered_display": "100", "missing_lines": 0, "excluded_lines": 0, "percent_statements_covered": 100.0, "percent_statements_covered_display": "100"}, "missing_lines": [], "excluded_lines": []}, "": {"executed_lines": [1, 3, 5, 6, 8, 9, 10, 16], "summary": {"covered_lines": 7, "num_statements": 7, "percent_covered": 100.0, "percent_covered_display": "100", "missing_lines": 0, "excluded_lines": 0, "percent_statements_covered": 100.0, "percent_statements_covered_display": "100"}, "missing_lines": [], "excluded_lines": []}}, "classes": {"": {"executed_lines": [1, 3, 5, 6, 8, 9, 10, 16, 42, 43, 46, 47, 48, 49, 50, 53, 54, 55, 56, 57, 59, 60, 61, 62, 65, 71, 72, 80, 94, 103, 104, 105, 115], "summary": {"covered_lines": 32, "num_statements": 32, "percent_covered": 100.0, "percent_covered_display": "100", "missing_lines": 0, "excluded_lines": 0, "percent_statements_covered": 100.0, "percent_statements_covered_display": "100"}, "missing_lines": [], "excluded_lines": []}}}, "receipt_chroma/compaction/metadata.py": {"executed_lines": [1, 3, 5, 6, 8, 9, 10, 16, 43, 44, 47, 48, 49, 50, 51, 54, 55, 56, 57, 58, 59, 60, 63, 64, 76, 89, 99, 100, 101, 112], "summary": {"covered_lines": 29, "num_statements": 29, "percent_covered": 100.0, "percent_covered_display": "100", "missing_lines": 0, "excluded_lines": 0, "percent_statements_covered": 100.0, "percent_statements_covered_display": "100"}, "missing_lines": [], "excluded_lines": [], "functions": {"apply_metadata_updates": {"executed_lines": [43, 44, 47, 48, 49, 50, 51, 54, 55, 56, 57, 58, 59, 60, 63, 64, 76, 89, 99, 100, 101, 112], "summary": {"covered_lines": 22, "num_statements": 22, "percent_covered": 100.0, "percent_covered_display": "100", "missing_lines": 0, "excluded_lines": 0, "percent_statements_covered": 100.0, "percent_statements_covered_display": "100"}, "missing_lines": [], "excluded_lines": []}, "": {"executed_lines": [1, 3, 5, 6, 8, 9, 10, 16], "summary": {"covered_lines": 7, "num_statements": 7, "percent_covered": 100.0, "percent_covered_display": "100", "missing_lines": 0, "excluded_lines": 0, "percent_statements_covered": 100.0, "percent_statements_covered_display": "100"}, "missing_lines": [], "excluded_lines": []}}, "classes": {"": {"executed_lines": [1, 3, 5, 6, 8, 9, 10, 16, 43, 44, 47, 48, 49, 50, 51, 54, 55, 56, 57, 58, 59, 60, 63, 64, 76, 89, 99, 100, 101, 112], "summary": {"covered_lines": 29, "num_statements": 29, "percent_covered": 100.0, "percent_covered_display": "100", "missing_lines": 0, "excluded_lines": 0, "percent_statements_covered": 100.0, "percent_statements_covered_display": "100"}, "missing_lines": [], "excluded_lines": []}}}, "receipt_chroma/compaction/models.py": {"executed_lines": [1, 3, 4, 6, 9, 10, 11, 13, 14, 15, 16, 17, 18, 20, 22, 29, 30, 31, 34, 35, 36, 38, 39, 40, 41, 42, 44, 46, 52, 54, 57, 58, 59, 61, 62, 63, 64, 65, 67, 69, 77, 78, 80, 84, 85, 87, 91, 92, 94], "summary": {"covered_lines": 45, "num_statements": 46, "percent_covered": 97.82608695652173, "percent_covered_display": "98", "missing_lines": 1, "excluded_lines": 0, "percent_statements_covered": 97.82608695652173, "percent_statements_covered_display": "98"}, "missing_lines": [53], "excluded_lines": [], "functions": {"MetadataUpdateResult.to_dict": {"executed_lines": [22, 29, 30, 31], "summary": {"covered_lines": 4, "num_statements": 4, "percent_covered": 100.0, "percent_covered_display": "100", "missing_lines": 0, "excluded_lines": 0, "percent_statements_covered": 100.0, "percent_statements_covered_display": "100"}, "missing_lines": [], "excluded_lines": []}, "LabelUpdateResult.to_dict": {"executed_lines": [46, 52, 54], "summary": {"covered_lines": 3, "num_statements": 4, "percent_covered": 75.0, "percent_covered_display": "75", "missing_lines": 1, "excluded_lines": 0, "percent_statements_covered": 75.0, "percent_statements_covered_display": "75"}, "missing_lines": [53], "excluded_lines": []}, "CollectionUpdateResult.to_dict": {"executed_lines": [69], "summary": {"covered_lines": 1, "num_statements": 1, "percent_covered": 100.0, "percent_covered_display": "100", "missing_lines": 0, "excluded_lines": 0, "percent_statements_covered": 100.0, "percent_statements_covered_display": "100"}, "missing_lines": [], "excluded_lines": []}, "CollectionUpdateResult.total_metadata_updated": {"executed_lines": [80], "summary": {"covered_lines": 1, "num_statements": 1, "percent_covered": 100.0, "percent_covered_display": "100", "missing_lines": 0, "excluded_lines": 0, "percent_statements_covered": 100.0, "percent_statements_covered_display": "100"}, "missing_lines": [], "excluded_lines": []}, "CollectionUpdateResult.total_labels_updated": {"executed_lines": [87], "summary": {"covered_lines": 1, "num_statements": 1, "percent_covered": 100.0, "percent_covered_display": "100", "missing_lines": 0, "excluded_lines": 0, "percent_statements_covered": 100.0, "percent_statements_covered_display": "100"}, "missing_lines": [], "excluded_lines": []}, "CollectionUpdateResult.has_errors": {"executed_lines": [94], "summary": {"covered_lines": 1, "num_statements": 1, "percent_covered": 100.0, "percent_covered_display": "100", "missing_lines": 0, "excluded_lines": 0, "percent_statements_covered": 100.0, "percent_statements_covered_display": "100"}, "missing_lines": [], "excluded_lines": []}, "": {"executed_lines": [1, 3, 4, 6, 9, 10, 11, 13, 14, 15, 16, 17, 18, 20, 34, 35, 36, 38, 39, 40, 41, 42, 44, 57, 58, 59, 61, 62, 63, 64, 65, 67, 77, 78, 84, 85, 91, 92], "summary": {"covered_lines": 34, "num_statements": 34, "percent_covered": 100.0, "percent_covered_display": "100", "missing_lines": 0, "excluded_lines": 0, "percent_statements_covered": 100.0, "percent_statements_covered_display": "100"}, "missing_lines": [], "excluded_lines": []}}, "classes": {"MetadataUpdateResult": {"executed_lines": [22, 29, 30, 31], "summary": {"covered_lines": 4, "num_statements": 4, "percent_covered": 100.0, "percent_covered_display": "100", "missing_lines": 0, "excluded_lines": 0, "percent_statements_covered": 100.0, "percent_statements_covered_display": "100"}, "missing_lines": [], "excluded_lines": []}, "LabelUpdateResult": {"executed_lines": [46, 52, 54], "summary": {"covered_lines": 3, "num_statements": 4, "percent_covered": 75.0, "percent_covered_display": "75", "missing_lines": 1, "excluded_lines": 0, "percent_statements_covered": 75.0, "percent_statements_covered_display": "75"}, "missing_lines": [53], "excluded_lines": []}, "CollectionUpdateResult": {"executed_lines": [69, 80, 87, 94], "summary": {"covered_lines": 4, "num_statements": 4, "percent_covered": 100.0, "percent_covered_display": "100", "missing_lines": 0, "excluded_lines": 0, "percent_statements_covered": 100.0, "percent_statements_covered_display": "100"}, "missing_lines": [], "excluded_lines": []}, "": {"executed_lines": [1, 3, 4, 6, 9, 10, 11, 13, 14, 15, 16, 17, 18, 20, 34, 35, 36, 38, 39, 40, 41, 42, 44, 57, 58, 59, 61, 62, 63, 64, 65, 67, 77, 78, 84, 85, 91, 92], "summary": {"covered_lines": 34, "num_statements": 34, "percent_covered": 100.0, "percent_covered_display": "100", "missing_lines": 0, "excluded_lines": 0, "percent_statements_covered": 100.0, "percent_statements_covered_display": "100"}, "missing_lines": [], "excluded_lines": []}}}, "receipt_chroma/compaction/processor.py": {"executed_lines": [1, 3, 4, 6, 7, 9, 10, 11, 12, 13, 16, 50, 53, 56, 60, 73, 74, 83, 91, 92, 100, 109, 110, 113, 121, 130, 131, 134, 142, 151, 160, 161, 166, 171, 176, 182], "summary": {"covered_lines": 35, "num_statements": 38, "percent_covered": 92.10526315789474, "percent_covered_display": "92", "missing_lines": 3, "excluded_lines": 0, "percent_statements_covered": 92.10526315789474, "percent_statements_covered_display": "92"}, "missing_lines": [75, 80, 81], "excluded_lines": [], "functions": {"process_collection_updates": {"executed_lines": [50, 53, 56, 60, 73, 74, 83, 91, 92, 100, 109, 110, 113, 121, 130, 131, 134, 142, 151, 160, 161, 166, 171, 176, 182], "summary": {"covered_lines": 25, "num_statements": 28, "percent_covered": 89.28571428571429, "percent_covered_display": "89", "missing_lines": 3, "excluded_lines": 0, "percent_statements_covered": 89.28571428571429, "percent_statements_covered_display": "89"}, "missing_lines": [75, 80, 81], "excluded_lines": []}, "": {"executed_lines": [1, 3, 4, 6, 7, 9, 10, 11, 12, 13, 16], "summary": {"covered_lines": 10, "num_statements": 10, "percent_covered": 100.0, "percent_covered_display": "100", "missing_lines": 0, "excluded_lines": 0, "percent_statements_covered": 100.0, "percent_statements_covered_display": "100"}, "missing_lines": [], "excluded_lines": []}}, "classes": {"": {"executed_lines": [1, 3, 4, 6, 7, 9, 10, 11, 12, 13, 16, 50, 53, 56, 60, 73, 74, 83, 91, 92, 100, 109, 110, 113, 121, 130, 131, 134, 142, 151, 160, 161, 166, 171, 176, 182], "summary": {"covered_lines": 35, "num_statements": 38, "percent_covered": 92.10526315789474, "percent_covered_display": "92", "missing_lines": 3, "excluded_lines": 0, "percent_statements_covered": 92.10526315789474, "percent_statements_covered_display": "92"}, "missing_lines": [75, 80, 81], "excluded_lines": []}}}, "receipt_chroma/data/__init__.py": {"executed_lines": [1, 3, 5], "summary": {"covered_lines": 2, "num_statements": 2, "percent_covered": 100.0, "percent_covered_display": "100", "missing_lines": 0, "excluded_lines": 0, "percent_statements_covered": 100.0, "percent_statements_covered_display": "100"}, "missing_lines": [], "excluded_lines": [], "functions": {"": {"executed_lines": [1, 3, 5], "summary": {"covered_lines": 2, "num_statements": 2, "percent_covered": 100.0, "percent_covered_display": "100", "missing_lines": 0, "excluded_lines": 0, "percent_statements_covered": 100.0, "percent_statements_covered_display": "100"}, "missing_lines": [], "excluded_lines": []}}, "classes": {"": {"executed_lines": [1, 3, 5], "summary": {"covered_lines": 2, "num_statements": 2, "percent_covered": 100.0, "percent_covered_display": "100", "missing_lines": 0, "excluded_lines": 0, "percent_statements_covered": 100.0, "percent_statements_covered_display": "100"}, "missing_lines": [], "excluded_lines": []}}}, "receipt_chroma/data/chroma_client.py": {"executed_lines": [1, 13, 14, 15, 16, 17, 18, 19, 20, 22, 23, 24, 25, 27, 30, 31, 37, 39, 43, 47, 51, 55, 60, 61, 84, 104, 105, 106, 107, 108, 109, 110, 113, 114, 115, 116, 117, 119, 124, 129, 137, 138, 140, 142, 143, 144, 146, 153, 155, 157, 158, 160, 161, 163, 164, 165, 166, 167, 168, 169, 170, 171, 172, 174, 175, 176, 178, 179, 183, 185, 187, 193, 196, 202, 208, 210, 212, 213, 215, 217, 231, 232, 234, 235, 241, 242, 246, 250, 272, 277, 281, 282, 289, 293, 294, 296, 299, 303, 305, 322, 323, 325, 326, 328, 329, 333, 334, 335, 338, 342, 344, 345, 347, 352, 353, 357, 360, 362, 367, 370, 372, 373, 375, 393, 394, 398, 399, 400, 401, 402, 403, 404, 406, 407, 408, 409, 411, 412, 414, 416, 418, 441, 442, 444, 446, 448, 449, 451, 452, 453, 454, 455, 458, 460, 464, 465, 467, 484, 486, 487, 489, 490, 492, 506, 507, 509, 510, 511, 514, 515, 516, 518, 520, 522, 523, 525, 527, 528, 530, 532, 534, 536, 537, 538, 539, 541, 563, 571, 596, 597, 601, 602, 604, 606, 608, 612, 616, 618, 621, 622, 623, 624, 626, 627, 628, 630, 631, 634, 637, 638, 640, 642, 643, 644, 647, 656, 658, 659, 669, 670, 671, 674], "summary": {"covered_lines": 218, "num_statements": 229, "percent_covered": 95.19650655021834, "percent_covered_display": "95", "missing_lines": 11, "excluded_lines": 2, "percent_statements_covered": 95.19650655021834, "percent_statements_covered_display": "95"}, "missing_lines": [41, 45, 49, 53, 57, 256, 259, 260, 261, 262, 267], "excluded_lines": [279, 674], "functions": {"ChromaCollection.query": {"executed_lines": [], "summary": {"covered_lines": 0, "num_statements": 1, "percent_covered": 0.0, "percent_covered_display": "0", "missing_lines": 1, "excluded_lines": 0, "percent_statements_covered": 0.0, "percent_statements_covered_display": "0"}, "missing_lines": [41], "excluded_lines": []}, "ChromaCollection.get": {"executed_lines": [], "summary": {"covered_lines": 0, "num_statements": 1, "percent_covered": 0.0, "percent_covered_display": "0", "missing_lines": 1, "excluded_lines": 0, "percent_statements_covered": 0.0, "percent_statements_covered_display": "0"}, "missing_lines": [45], "excluded_lines": []}, "ChromaCollection.count": {"executed_lines": [], "summary": {"covered_lines": 0, "num_statements": 1, "percent_covered": 0.0, "percent_covered_display": "0", "missing_lines": 1, "excluded_lines": 0, "percent_statements_covered": 0.0, "percent_statements_covered_display": "0"}, "missing_lines": [49], "excluded_lines": []}, "ChromaCollection.delete": {"executed_lines": [], "summary": {"covered_lines": 0, "num_statements": 1, "percent_covered": 0.0, "percent_covered_display": "0", "missing_lines": 1, "excluded_lines": 0, "percent_statements_covered": 0.0, "percent_statements_covered_display": "0"}, "missing_lines": [53], "excluded_lines": []}, "ChromaCollection.upsert": {"executed_lines": [], "summary": {"covered_lines": 0, "num_statements": 1, "percent_covered": 0.0, "percent_covered_display": "0", "missing_lines": 1, "excluded_lines": 0, "percent_statements_covered": 0.0, "percent_statements_covered_display": "0"}, "missing_lines": [57], "excluded_lines": []}, "ChromaClient.__init__": {"executed_lines": [104, 105, 106, 107, 108, 109, 110, 113, 114, 115, 116, 117, 119, 124, 129, 137, 138], "summary": {"covered_lines": 17, "num_statements": 17, "percent_covered": 100.0, "percent_covered_display": "100", "missing_lines": 0, "excluded_lines": 0, "percent_statements_covered": 100.0, "percent_statements_covered_display": "100"}, "missing_lines": [], "excluded_lines": []}, "ChromaClient.__enter__": {"executed_lines": [142, 143, 144], "summary": {"covered_lines": 3, "num_statements": 3, "percent_covered": 100.0, "percent_covered_display": "100", "missing_lines": 0, "excluded_lines": 0, "percent_statements_covered": 100.0, "percent_statements_covered_display": "100"}, "missing_lines": [], "excluded_lines": []}, "ChromaClient.__exit__": {"executed_lines": [153], "summary": {"covered_lines": 1, "num_statements": 1, "percent_covered": 100.0, "percent_covered_display": "100", "missing_lines": 0, "excluded_lines": 0, "percent_statements_covered": 100.0, "percent_statements_covered_display": "100"}, "missing_lines": [], "excluded_lines": []}, "ChromaClient._ensure_client": {"executed_lines": [157, 158, 160, 161, 163, 164, 165, 166, 167, 168, 169, 170, 171, 172, 174, 175, 176, 178, 179, 183, 185, 187, 193, 196, 202, 208, 210], "summary": {"covered_lines": 27, "num_statements": 27, "percent_covered": 100.0, "percent_covered_display": "100", "missing_lines": 0, "excluded_lines": 0, "percent_statements_covered": 100.0, "percent_statements_covered_display": "100"}, "missing_lines": [], "excluded_lines": []}, "ChromaClient.client": {"executed_lines": [215], "summary": {"covered_lines": 1, "num_statements": 1, "percent_covered": 100.0, "percent_covered_display": "100", "missing_lines": 0, "excluded_lines": 0, "percent_statements_covered": 100.0, "percent_statements_covered_display": "100"}, "missing_lines": [], "excluded_lines": []}, "ChromaClient.close": {"executed_lines": [231, 232, 234, 235, 241, 242, 246, 250, 272, 277, 281, 282, 289, 293, 294, 296, 299, 303], "summary": {"covered_lines": 18, "num_statements": 24, "percent_covered": 75.0, "percent_covered_display": "75", "missing_lines": 6, "excluded_lines": 1, "percent_statements_covered": 75.0, "percent_statements_covered_display": "75"}, "missing_lines": [256, 259, 260, 261, 262, 267], "excluded_lines": [279]}, "ChromaClient.get_collection": {"executed_lines": [322, 323, 325, 326, 328, 329, 333, 334, 335, 338, 342, 344, 345, 347, 352, 353, 357, 360, 362, 367], "summary": {"covered_lines": 20, "num_statements": 20, "percent_covered": 100.0, "percent_covered_display": "100", "missing_lines": 0, "excluded_lines": 0, "percent_statements_covered": 100.0, "percent_statements_covered_display": "100"}, "missing_lines": [], "excluded_lines": []}, "ChromaClient._assert_writeable": {"executed_lines": [372, 373], "summary": {"covered_lines": 2, "num_statements": 2, "percent_covered": 100.0, "percent_covered_display": "100", "missing_lines": 0, "excluded_lines": 0, "percent_statements_covered": 100.0, "percent_statements_covered_display": "100"}, "missing_lines": [], "excluded_lines": []}, "ChromaClient.upsert": {"executed_lines": [393, 394, 398, 399, 400, 401, 402, 403, 404, 406, 407, 408, 409, 411, 412, 414, 416], "summary": {"covered_lines": 17, "num_statements": 17, "percent_covered": 100.0, "percent_covered_display": "100", "missing_lines": 0, "excluded_lines": 0, "percent_statements_covered": 100.0, "percent_statements_covered_display": "100"}, "missing_lines": [], "excluded_lines": []}, "ChromaClient.query": {"executed_lines": [441, 442, 444, 446, 448, 449, 451, 452, 453, 454, 455, 458, 460, 464, 465], "summary": {"covered_lines": 15, "num_statements": 15, "percent_covered": 100.0, "percent_covered_display": "100", "missing_lines": 0, "excluded_lines": 0, "percent_statements_covered": 100.0, "percent_statements_covered_display": "100"}, "missing_lines": [], "excluded_lines": []}, "ChromaClient.get": {"executed_lines": [484, 486, 487, 489, 490], "summary": {"covered_lines": 5, "num_statements": 5, "percent_covered": 100.0, "percent_covered_display": "100", "missing_lines": 0, "excluded_lines": 0, "percent_statements_covered": 100.0, "percent_statements_covered_display": "100"}, "missing_lines": [], "excluded_lines": []}, "ChromaClient.delete": {"executed_lines": [506, 507, 509, 510, 511, 514, 515, 516, 518], "summary": {"covered_lines": 9, "num_statements": 9, "percent_covered": 100.0, "percent_covered_display": "100", "missing_lines": 0, "excluded_lines": 0, "percent_statements_covered": 100.0, "percent_statements_covered_display": "100"}, "missing_lines": [], "excluded_lines": []}, "ChromaClient.count": {"executed_lines": [522, 523], "summary": {"covered_lines": 2, "num_statements": 2, "percent_covered": 100.0, "percent_covered_display": "100", "missing_lines": 0, "excluded_lines": 0, "percent_statements_covered": 100.0, "percent_statements_covered_display": "100"}, "missing_lines": [], "excluded_lines": []}, "ChromaClient.list_collections": {"executed_lines": [527, 528], "summary": {"covered_lines": 2, "num_statements": 2, "percent_covered": 100.0, "percent_covered_display": "100", "missing_lines": 0, "excluded_lines": 0, "percent_statements_covered": 100.0, "percent_statements_covered_display": "100"}, "missing_lines": [], "excluded_lines": []}, "ChromaClient.collection_exists": {"executed_lines": [532], "summary": {"covered_lines": 1, "num_statements": 1, "percent_covered": 100.0, "percent_covered_display": "100", "missing_lines": 0, "excluded_lines": 0, "percent_statements_covered": 100.0, "percent_statements_covered_display": "100"}, "missing_lines": [], "excluded_lines": []}, "ChromaClient.reset": {"executed_lines": [536, 537, 538, 539], "summary": {"covered_lines": 4, "num_statements": 4, "percent_covered": 100.0, "percent_covered_display": "100", "missing_lines": 0, "excluded_lines": 0, "percent_statements_covered": 100.0, "percent_statements_covered_display": "100"}, "missing_lines": [], "excluded_lines": []}, "ChromaClient.upsert_vectors": {"executed_lines": [563], "summary": {"covered_lines": 1, "num_statements": 1, "percent_covered": 100.0, "percent_covered_display": "100", "missing_lines": 0, "excluded_lines": 0, "percent_statements_covered": 100.0, "percent_statements_covered_display": "100"}, "missing_lines": [], "excluded_lines": []}, "ChromaClient.persist_and_upload_delta": {"executed_lines": [596, 597, 601, 602, 604, 606, 608, 612, 616, 618, 621, 622, 623, 624, 626, 627, 628, 630, 631, 634, 637, 638, 640, 642, 643, 644, 647, 656], "summary": {"covered_lines": 28, "num_statements": 28, "percent_covered": 100.0, "percent_covered_display": "100", "missing_lines": 0, "excluded_lines": 0, "percent_statements_covered": 100.0, "percent_statements_covered_display": "100"}, "missing_lines": [], "excluded_lines": []}, "ChromaClient.collection": {"executed_lines": [669, 670, 671, 674], "summary": {"covered_lines": 3, "num_statements": 3, "percent_covered": 100.0, "percent_covered_display": "100", "missing_lines": 0, "excluded_lines": 1, "percent_statements_covered": 100.0, "percent_statements_covered_display": "100"}, "missing_lines": [], "excluded_lines": [674]}, "": {"executed_lines": [1, 13, 14, 15, 16, 17, 18, 19, 20, 22, 23, 24, 25, 27, 30, 31, 37, 39, 43, 47, 51, 55, 60, 61, 84, 140, 146, 155, 212, 213, 217, 305, 370, 375, 418, 467, 492, 520, 525, 530, 534, 541, 571, 658, 659], "summary": {"covered_lines": 42, "num_statements": 42, "percent_covered": 100.0, "percent_covered_display": "100", "missing_lines": 0, "excluded_lines": 0, "percent_statements_covered": 100.0, "percent_statements_covered_display": "100"}, "missing_lines": [], "excluded_lines": []}}, "classes": {"ChromaCollection": {"executed_lines": [], "summary": {"covered_lines": 0, "num_statements": 5, "percent_covered": 0.0, "percent_covered_display": "0", "missing_lines": 5, "excluded_lines": 0, "percent_statements_covered": 0.0, "percent_statements_covered_display": "0"}, "missing_lines": [41, 45, 49, 53, 57], "excluded_lines": []}, "ChromaClient": {"executed_lines": [104, 105, 106, 107, 108, 109, 110, 113, 114, 115, 116, 117, 119, 124, 129, 137, 138, 142, 143, 144, 153, 157, 158, 160, 161, 163, 164, 165, 166, 167, 168, 169, 170, 171, 172, 174, 175, 176, 178, 179, 183, 185, 187, 193, 196, 202, 208, 210, 215, 231, 232, 234, 235, 241, 242, 246, 250, 272, 277, 281, 282, 289, 293, 294, 296, 299, 303, 322, 323, 325, 326, 328, 329, 333, 334, 335, 338, 342, 344, 345, 347, 352, 353, 357, 360, 362, 367, 372, 373, 393, 394, 398, 399, 400, 401, 402, 403, 404, 406, 407, 408, 409, 411, 412, 414, 416, 441, 442, 444, 446, 448, 449, 451, 452, 453, 454, 455, 458, 460, 464, 465, 484, 486, 487, 489, 490, 506, 507, 509, 510, 511, 514, 515, 516, 518, 522, 523, 527, 528, 532, 536, 537, 538, 539, 563, 596, 597, 601, 602, 604, 606, 608, 612, 616, 618, 621, 622, 623, 624, 626, 627, 628, 630, 631, 634, 637, 638, 640, 642, 643, 644, 647, 656, 669, 670, 671, 674], "summary": {"covered_lines": 176, "num_statements": 182, "percent_covered": 96.7032967032967, "percent_covered_display": "97", "missing_lines": 6, "excluded_lines": 2, "percent_statements_covered": 96.7032967032967, "percent_statements_covered_display": "97"}, "missing_lines": [256, 259, 260, 261, 262, 267], "excluded_lines": [279, 674]}, "": {"executed_lines": [1, 13, 14, 15, 16, 17, 18, 19, 20, 22, 23, 24, 25, 27, 30, 31, 37, 39, 43, 47, 51, 55, 60, 61, 84, 140, 146, 155, 212, 213, 217, 305, 370, 375, 418, 467, 492, 520, 525, 530, 534, 541, 571, 658, 659], "summary": {"covered_lines": 42, "num_statements": 42, "percent_covered": 100.0, "percent_covered_display": "100", "missing_lines": 0, "excluded_lines": 0, "percent_statements_covered": 100.0, "percent_statements_covered_display": "100"}, "missing_lines": [], "excluded_lines": []}}}, "receipt_chroma/data/operations.py": {"executed_lines": [1, 3, 4, 5, 6, 8, 9, 12, 26, 28, 29, 36, 41, 44, 45, 50, 52, 55, 57, 59, 60, 64, 65, 69, 89, 91, 92, 96, 97, 98, 101, 109, 110, 112, 118, 132, 134, 143, 144, 145, 147, 152, 153, 155, 156, 162, 163, 172, 185, 186, 188, 190, 191, 194, 196, 197, 203, 204, 210, 213, 216, 217, 218, 219, 221, 222, 227, 228, 229, 233, 263, 265, 266, 272, 276, 279, 293, 295, 302, 309, 310, 315, 318, 320, 339, 341, 342, 345, 362, 371, 381, 382, 383, 385, 394, 395, 397, 399, 400, 404, 405, 406, 409, 412, 415, 416, 417, 418, 420, 434, 448, 450, 457, 461, 464, 479, 484, 485, 495, 496, 497, 498, 501, 502, 526, 528, 548, 549, 552, 555, 557, 558, 560, 561, 569, 570, 584, 601, 602, 604, 605, 613, 614, 615, 616, 617, 619, 620, 622, 623, 625, 626, 627, 628, 629, 630, 634, 637, 644, 649, 651, 652, 656, 657, 664, 671, 690, 698, 700, 702, 713, 714, 719, 729, 730, 731, 735, 738, 739, 742, 747, 749, 750, 751, 753, 772, 896], "summary": {"covered_lines": 186, "num_statements": 392, "percent_covered": 47.44897959183673, "percent_covered_display": "47", "missing_lines": 206, "excluded_lines": 0, "percent_statements_covered": 47.44897959183673, "percent_statements_covered_display": "47"}, "missing_lines": [47, 66, 78, 79, 81, 82, 87, 113, 120, 124, 125, 130, 135, 140, 173, 174, 176, 177, 182, 199, 205, 207, 238, 239, 241, 242, 247, 249, 255, 256, 296, 312, 322, 323, 326, 335, 336, 337, 353, 354, 355, 357, 360, 363, 368, 388, 389, 392, 421, 426, 427, 430, 439, 440, 441, 443, 451, 486, 487, 491, 492, 493, 503, 504, 512, 513, 523, 534, 535, 537, 539, 563, 585, 587, 588, 590, 596, 597, 607, 631, 632, 641, 665, 666, 673, 674, 675, 681, 682, 687, 703, 704, 708, 709, 710, 752, 755, 756, 757, 763, 764, 769, 801, 810, 814, 815, 819, 821, 824, 831, 832, 833, 834, 836, 837, 840, 847, 854, 859, 868, 873, 874, 875, 876, 879, 880, 882, 885, 886, 888, 890, 891, 893, 922, 924, 925, 931, 938, 939, 941, 944, 946, 949, 951, 953, 954, 958, 959, 960, 963, 972, 973, 975, 976, 981, 983, 985, 986, 990, 991, 992, 995, 1003, 1004, 1006, 1007, 1012, 1014, 1018, 1019, 1024, 1026, 1028, 1029, 1034, 1037, 1039, 1040, 1041, 1043, 1044, 1049, 1050, 1052, 1059, 1060, 1061, 1063, 1064, 1069, 1070, 1073, 1075, 1081, 1088, 1089, 1097, 1099, 1100, 1106, 1110, 1112, 1113, 1115, 1116, 1121], "excluded_lines": [], "functions": {"update_receipt_metadata": {"executed_lines": [26, 28, 29, 36, 41, 44, 45, 50, 52, 55, 57, 59, 60, 64, 65, 69, 89, 91, 92, 96, 97, 98, 101, 109, 110, 112, 118, 132, 134, 143, 144, 145, 147, 152, 153, 155, 156, 162, 163, 172, 185, 186, 188, 190, 191, 194, 196, 197, 203, 204, 210, 213, 216, 217, 218, 219, 221, 222, 227, 228, 229, 233, 263, 265, 266, 272, 276], "summary": {"covered_lines": 67, "num_statements": 97, "percent_covered": 69.0721649484536, "percent_covered_display": "69", "missing_lines": 30, "excluded_lines": 0, "percent_statements_covered": 69.0721649484536, "percent_statements_covered_display": "69"}, "missing_lines": [47, 66, 78, 79, 81, 82, 87, 113, 120, 124, 125, 130, 135, 140, 173, 174, 176, 177, 182, 199, 205, 207, 238, 239, 241, 242, 247, 249, 255, 256], "excluded_lines": []}, "remove_receipt_metadata": {"executed_lines": [293, 295, 302, 309, 310, 315, 318, 320, 339, 341, 342, 345, 362, 371, 381, 382, 383, 385, 394, 395, 397, 399, 400, 404, 405, 406, 409, 412, 415, 416, 417, 418, 420, 434, 448, 450, 457, 461], "summary": {"covered_lines": 38, "num_statements": 65, "percent_covered": 58.46153846153846, "percent_covered_display": "58", "missing_lines": 27, "excluded_lines": 0, "percent_statements_covered": 58.46153846153846, "percent_statements_covered_display": "58"}, "missing_lines": [296, 312, 322, 323, 326, 335, 336, 337, 353, 354, 355, 357, 360, 363, 368, 388, 389, 392, 421, 426, 427, 430, 439, 440, 441, 443, 451], "excluded_lines": []}, "update_word_labels": {"executed_lines": [479, 484, 485, 495, 496, 497, 498, 501, 502, 526, 528, 548, 549, 552, 555, 557, 558, 560, 561, 569, 570, 584, 601, 602, 604, 605, 613, 614, 615, 616, 617, 619, 620, 622, 625, 626, 627, 628, 629, 630, 634, 637, 644, 649, 651, 652, 656, 657, 664, 671], "summary": {"covered_lines": 50, "num_statements": 83, "percent_covered": 60.24096385542169, "percent_covered_display": "60", "missing_lines": 33, "excluded_lines": 0, "percent_statements_covered": 60.24096385542169, "percent_statements_covered_display": "60"}, "missing_lines": [486, 487, 491, 492, 493, 503, 504, 512, 513, 523, 534, 535, 537, 539, 563, 585, 587, 588, 590, 596, 597, 607, 631, 632, 641, 665, 666, 673, 674, 675, 681, 682, 687], "excluded_lines": []}, "update_word_labels._as_set": {"executed_lines": [623], "summary": {"covered_lines": 1, "num_statements": 1, "percent_covered": 100.0, "percent_covered_display": "100", "missing_lines": 0, "excluded_lines": 0, "percent_statements_covered": 100.0, "percent_statements_covered_display": "100"}, "missing_lines": [], "excluded_lines": []}, "remove_word_labels": {"executed_lines": [698, 700, 702, 713, 714, 719, 729, 730, 731, 735, 738, 739, 742, 747, 749, 750, 751, 753], "summary": {"covered_lines": 18, "num_statements": 30, "percent_covered": 60.0, "percent_covered_display": "60", "missing_lines": 12, "excluded_lines": 0, "percent_statements_covered": 60.0, "percent_statements_covered_display": "60"}, "missing_lines": [703, 704, 708, 709, 710, 752, 755, 756, 757, 763, 764, 769], "excluded_lines": []}, "reconstruct_label_metadata": {"executed_lines": [], "summary": {"covered_lines": 0, "num_statements": 31, "percent_covered": 0.0, "percent_covered_display": "0", "missing_lines": 31, "excluded_lines": 0, "percent_statements_covered": 0.0, "percent_statements_covered_display": "0"}, "missing_lines": [801, 810, 814, 815, 819, 821, 824, 831, 832, 833, 834, 836, 837, 840, 847, 854, 859, 868, 873, 874, 875, 876, 879, 880, 882, 885, 886, 888, 890, 891, 893], "excluded_lines": []}, "delete_receipt_embeddings": {"executed_lines": [], "summary": {"covered_lines": 0, "num_statements": 73, "percent_covered": 0.0, "percent_covered_display": "0", "missing_lines": 73, "excluded_lines": 0, "percent_statements_covered": 0.0, "percent_statements_covered_display": "0"}, "missing_lines": [922, 924, 925, 931, 938, 939, 941, 944, 946, 949, 951, 953, 954, 958, 959, 960, 963, 972, 973, 975, 976, 981, 983, 985, 986, 990, 991, 992, 995, 1003, 1004, 1006, 1007, 1012, 1014, 1018, 1019, 1024, 1026, 1028, 1029, 1034, 1037, 1039, 1040, 1041, 1043, 1044, 1049, 1050, 1052, 1059, 1060, 1061, 1063, 1064, 1069, 1070, 1073, 1075, 1081, 1088, 1089, 1097, 1099, 1100, 1106, 1110, 1112, 1113, 1115, 1116, 1121], "excluded_lines": []}, "": {"executed_lines": [1, 3, 4, 5, 6, 8, 9, 12, 279, 464, 690, 772, 896], "summary": {"covered_lines": 12, "num_statements": 12, "percent_covered": 100.0, "percent_covered_display": "100", "missing_lines": 0, "excluded_lines": 0, "percent_statements_covered": 100.0, "percent_statements_covered_display": "100"}, "missing_lines": [], "excluded_lines": []}}, "classes": {"": {"executed_lines": [1, 3, 4, 5, 6, 8, 9, 12, 26, 28, 29, 36, 41, 44, 45, 50, 52, 55, 57, 59, 60, 64, 65, 69, 89, 91, 92, 96, 97, 98, 101, 109, 110, 112, 118, 132, 134, 143, 144, 145, 147, 152, 153, 155, 156, 162, 163, 172, 185, 186, 188, 190, 191, 194, 196, 197, 203, 204, 210, 213, 216, 217, 218, 219, 221, 222, 227, 228, 229, 233, 263, 265, 266, 272, 276, 279, 293, 295, 302, 309, 310, 315, 318, 320, 339, 341, 342, 345, 362, 371, 381, 382, 383, 385, 394, 395, 397, 399, 400, 404, 405, 406, 409, 412, 415, 416, 417, 418, 420, 434, 448, 450, 457, 461, 464, 479, 484, 485, 495, 496, 497, 498, 501, 502, 526, 528, 548, 549, 552, 555, 557, 558, 560, 561, 569, 570, 584, 601, 602, 604, 605, 613, 614, 615, 616, 617, 619, 620, 622, 623, 625, 626, 627, 628, 629, 630, 634, 637, 644, 649, 651, 652, 656, 657, 664, 671, 690, 698, 700, 702, 713, 714, 719, 729, 730, 731, 735, 738, 739, 742, 747, 749, 750, 751, 753, 772, 896], "summary": {"covered_lines": 186, "num_statements": 392, "percent_covered": 47.44897959183673, "percent_covered_display": "47", "missing_lines": 206, "excluded_lines": 0, "percent_statements_covered": 47.44897959183673, "percent_statements_covered_display": "47"}, "missing_lines": [47, 66, 78, 79, 81, 82, 87, 113, 120, 124, 125, 130, 135, 140, 173, 174, 176, 177, 182, 199, 205, 207, 238, 239, 241, 242, 247, 249, 255, 256, 296, 312, 322, 323, 326, 335, 336, 337, 353, 354, 355, 357, 360, 363, 368, 388, 389, 392, 421, 426, 427, 430, 439, 440, 441, 443, 451, 486, 487, 491, 492, 493, 503, 504, 512, 513, 523, 534, 535, 537, 539, 563, 585, 587, 588, 590, 596, 597, 607, 631, 632, 641, 665, 666, 673, 674, 675, 681, 682, 687, 703, 704, 708, 709, 710, 752, 755, 756, 757, 763, 764, 769, 801, 810, 814, 815, 819, 821, 824, 831, 832, 833, 834, 836, 837, 840, 847, 854, 859, 868, 873, 874, 875, 876, 879, 880, 882, 885, 886, 888, 890, 891, 893, 922, 924, 925, 931, 938, 939, 941, 944, 946, 949, 951, 953, 954, 958, 959, 960, 963, 972, 973, 975, 976, 981, 983, 985, 986, 990, 991, 992, 995, 1003, 1004, 1006, 1007, 1012, 1014, 1018, 1019, 1024, 1026, 1028, 1029, 1034, 1037, 1039, 1040, 1041, 1043, 1044, 1049, 1050, 1052, 1059, 1060, 1061, 1063, 1064, 1069, 1070, 1073, 1075, 1081, 1088, 1089, 1097, 1099, 1100, 1106, 1110, 1112, 1113, 1115, 1116, 1121], "excluded_lines": []}}}, "receipt_chroma/embedding/__init__.py": {"executed_lines": [1, 8, 11, 12, 15, 20], "summary": {"covered_lines": 5, "num_statements": 5, "percent_covered": 100.0, "percent_covered_display": "100", "missing_lines": 0, "excluded_lines": 0, "percent_statements_covered": 100.0, "percent_statements_covered_display": "100"}, "missing_lines": [], "excluded_lines": [], "functions": {"": {"executed_lines": [1, 8, 11, 12, 15, 20], "summary": {"covered_lines": 5, "num_statements": 5, "percent_covered": 100.0, "percent_covered_display": "100", "missing_lines": 0, "excluded_lines": 0, "percent_statements_covered": 100.0, "percent_statements_covered_display": "100"}, "missing_lines": [], "excluded_lines": []}}, "classes": {"": {"executed_lines": [1, 8, 11, 12, 15, 20], "summary": {"covered_lines": 5, "num_statements": 5, "percent_covered": 100.0, "percent_covered_display": "100", "missing_lines": 0, "excluded_lines": 0, "percent_statements_covered": 100.0, "percent_statements_covered_display": "100"}, "missing_lines": [], "excluded_lines": []}}}, "receipt_chroma/embedding/delta/__init__.py": {"executed_lines": [1, 7, 10, 11, 15], "summary": {"covered_lines": 4, "num_statements": 4, "percent_covered": 100.0, "percent_covered_display": "100", "missing_lines": 0, "excluded_lines": 0, "percent_statements_covered": 100.0, "percent_statements_covered_display": "100"}, "missing_lines": [], "excluded_lines": [], "functions": {"": {"executed_lines": [1, 7, 10, 11, 15], "summary": {"covered_lines": 4, "num_statements": 4, "percent_covered": 100.0, "percent_covered_display": "100", "missing_lines": 0, "excluded_lines": 0, "percent_statements_covered": 100.0, "percent_statements_covered_display": "100"}, "missing_lines": [], "excluded_lines": []}}, "classes": {"": {"executed_lines": [1, 7, 10, 11, 15], "summary": {"covered_lines": 4, "num_statements": 4, "percent_covered": 100.0, "percent_covered_display": "100", "missing_lines": 0, "excluded_lines": 0, "percent_statements_covered": 100.0, "percent_statements_covered_display": "100"}, "missing_lines": [], "excluded_lines": []}}}, "receipt_chroma/embedding/delta/line_delta.py": {"executed_lines": [1, 7, 9, 10, 14, 20, 21, 23, 24, 25, 26, 29, 43, 46, 47, 54, 60, 68], "summary": {"covered_lines": 16, "num_statements": 49, "percent_covered": 32.6530612244898, "percent_covered_display": "33", "missing_lines": 33, "excluded_lines": 0, "percent_statements_covered": 32.6530612244898, "percent_statements_covered_display": "33"}, "missing_lines": [55, 99, 100, 101, 102, 104, 106, 107, 108, 109, 112, 113, 114, 115, 118, 119, 120, 126, 127, 134, 137, 140, 144, 146, 149, 150, 162, 167, 168, 169, 170, 173, 186], "excluded_lines": [], "functions": {"_parse_metadata_from_line_id": {"executed_lines": [43, 46, 47, 54, 60], "summary": {"covered_lines": 5, "num_statements": 6, "percent_covered": 83.33333333333333, "percent_covered_display": "83", "missing_lines": 1, "excluded_lines": 0, "percent_statements_covered": 83.33333333333333, "percent_statements_covered_display": "83"}, "missing_lines": [55], "excluded_lines": []}, "save_line_embeddings_as_delta": {"executed_lines": [], "summary": {"covered_lines": 0, "num_statements": 32, "percent_covered": 0.0, "percent_covered_display": "0", "missing_lines": 32, "excluded_lines": 0, "percent_statements_covered": 0.0, "percent_statements_covered_display": "0"}, "missing_lines": [99, 100, 101, 102, 104, 106, 107, 108, 109, 112, 113, 114, 115, 118, 119, 120, 126, 127, 134, 137, 140, 144, 146, 149, 150, 162, 167, 168, 169, 170, 173, 186], "excluded_lines": []}, "": {"executed_lines": [1, 7, 9, 10, 14, 20, 21, 23, 24, 25, 26, 29, 68], "summary": {"covered_lines": 11, "num_statements": 11, "percent_covered": 100.0, "percent_covered_display": "100", "missing_lines": 0, "excluded_lines": 0, "percent_statements_covered": 100.0, "percent_statements_covered_display": "100"}, "missing_lines": [], "excluded_lines": []}}, "classes": {"LineMetadataBase": {"executed_lines": [], "summary": {"covered_lines": 0, "num_statements": 0, "percent_covered": 100.0, "percent_covered_display": "100", "missing_lines": 0, "excluded_lines": 0, "percent_statements_covered": 100.0, "percent_statements_covered_display": "100"}, "missing_lines": [], "excluded_lines": []}, "": {"executed_lines": [1, 7, 9, 10, 14, 20, 21, 23, 24, 25, 26, 29, 43, 46, 47, 54, 60, 68], "summary": {"covered_lines": 16, "num_statements": 49, "percent_covered": 32.6530612244898, "percent_covered_display": "33", "missing_lines": 33, "excluded_lines": 0, "percent_statements_covered": 32.6530612244898, "percent_statements_covered_display": "33"}, "missing_lines": [55, 99, 100, 101, 102, 104, 106, 107, 108, 109, 112, 113, 114, 115, 118, 119, 120, 126, 127, 134, 137, 140, 144, 146, 149, 150, 162, 167, 168, 169, 170, 173, 186], "excluded_lines": []}}}, "receipt_chroma/embedding/delta/producer.py": {"executed_lines": [1, 7, 8, 9, 10, 11, 12, 13, 15, 17, 19, 22, 73, 75, 76, 77, 78, 88, 90, 93, 94, 97, 98, 104, 105, 107, 108, 109, 116, 121, 128, 133, 134, 139, 142, 150, 151, 152, 193, 194, 198, 199, 200, 201, 202, 204, 217, 222, 236], "summary": {"covered_lines": 48, "num_statements": 74, "percent_covered": 64.86486486486487, "percent_covered_display": "65", "missing_lines": 26, "excluded_lines": 0, "percent_statements_covered": 64.86486486486487, "percent_statements_covered_display": "65"}, "missing_lines": [81, 82, 83, 86, 143, 144, 145, 147, 154, 163, 164, 168, 169, 170, 174, 191, 218, 224, 225, 226, 237, 239, 240, 241, 244, 245], "excluded_lines": [], "functions": {"produce_embedding_delta": {"executed_lines": [73, 75, 76, 77, 78, 88, 90, 93, 94, 97, 98, 104, 105, 107, 108, 109, 116, 121, 128, 133, 134, 139, 142, 150, 151, 152, 193, 194, 198, 199, 200, 201, 202, 204, 217, 222, 236], "summary": {"covered_lines": 37, "num_statements": 63, "percent_covered": 58.73015873015873, "percent_covered_display": "59", "missing_lines": 26, "excluded_lines": 0, "percent_statements_covered": 58.73015873015873, "percent_statements_covered_display": "59"}, "missing_lines": [81, 82, 83, 86, 143, 144, 145, 147, 154, 163, 164, 168, 169, 170, 174, 191, 218, 224, 225, 226, 237, 239, 240, 241, 244, 245], "excluded_lines": []}, "": {"executed_lines": [1, 7, 8, 9, 10, 11, 12, 13, 15, 17, 19, 22], "summary": {"covered_lines": 11, "num_statements": 11, "percent_covered": 100.0, "percent_covered_display": "100", "missing_lines": 0, "excluded_lines": 0, "percent_statements_covered": 100.0, "percent_statements_covered_display": "100"}, "missing_lines": [], "excluded_lines": []}}, "classes": {"": {"executed_lines": [1, 7, 8, 9, 10, 11, 12, 13, 15, 17, 19, 22, 73, 75, 76, 77, 78, 88, 90, 93, 94, 97, 98, 104, 105, 107, 108, 109, 116, 121, 128, 133, 134, 139, 142, 150, 151, 152, 193, 194, 198, 199, 200, 201, 202, 204, 217, 222, 236], "summary": {"covered_lines": 48, "num_statements": 74, "percent_covered": 64.86486486486487, "percent_covered_display": "65", "missing_lines": 26, "excluded_lines": 0, "percent_statements_covered": 64.86486486486487, "percent_statements_covered_display": "65"}, "missing_lines": [81, 82, 83, 86, 143, 144, 145, 147, 154, 163, 164, 168, 169, 170, 174, 191, 218, 224, 225, 226, 237, 239, 240, 241, 244, 245], "excluded_lines": []}}}, "receipt_chroma/embedding/delta/word_delta.py": {"executed_lines": [1, 7, 9, 10, 11, 18, 19, 21, 22, 23, 24, 25, 28, 43, 46, 47, 54, 55, 60, 69], "summary": {"covered_lines": 18, "num_statements": 52, "percent_covered": 34.61538461538461, "percent_covered_display": "35", "missing_lines": 34, "excluded_lines": 0, "percent_statements_covered": 34.61538461538461, "percent_statements_covered_display": "35"}, "missing_lines": [100, 101, 102, 103, 105, 107, 108, 109, 110, 111, 112, 115, 116, 117, 118, 121, 129, 130, 137, 147, 152, 153, 156, 160, 162, 165, 175, 180, 185, 186, 187, 188, 191, 204], "excluded_lines": [], "functions": {"_parse_metadata_from_custom_id": {"executed_lines": [43, 46, 47, 54, 55, 60], "summary": {"covered_lines": 6, "num_statements": 6, "percent_covered": 100.0, "percent_covered_display": "100", "missing_lines": 0, "excluded_lines": 0, "percent_statements_covered": 100.0, "percent_statements_covered_display": "100"}, "missing_lines": [], "excluded_lines": []}, "save_word_embeddings_as_delta": {"executed_lines": [], "summary": {"covered_lines": 0, "num_statements": 34, "percent_covered": 0.0, "percent_covered_display": "0", "missing_lines": 34, "excluded_lines": 0, "percent_statements_covered": 0.0, "percent_statements_covered_display": "0"}, "missing_lines": [100, 101, 102, 103, 105, 107, 108, 109, 110, 111, 112, 115, 116, 117, 118, 121, 129, 130, 137, 147, 152, 153, 156, 160, 162, 165, 175, 180, 185, 186, 187, 188, 191, 204], "excluded_lines": []}, "": {"executed_lines": [1, 7, 9, 10, 11, 18, 19, 21, 22, 23, 24, 25, 28, 69], "summary": {"covered_lines": 12, "num_statements": 12, "percent_covered": 100.0, "percent_covered_display": "100", "missing_lines": 0, "excluded_lines": 0, "percent_statements_covered": 100.0, "percent_statements_covered_display": "100"}, "missing_lines": [], "excluded_lines": []}}, "classes": {"WordMetadataBase": {"executed_lines": [], "summary": {"covered_lines": 0, "num_statements": 0, "percent_covered": 100.0, "percent_covered_display": "100", "missing_lines": 0, "excluded_lines": 0, "percent_statements_covered": 100.0, "percent_statements_covered_display": "100"}, "missing_lines": [], "excluded_lines": []}, "": {"executed_lines": [1, 7, 9, 10, 11, 18, 19, 21, 22, 23, 24, 25, 28, 43, 46, 47, 54, 55, 60, 69], "summary": {"covered_lines": 18, "num_statements": 52, "percent_covered": 34.61538461538461, "percent_covered_display": "35", "missing_lines": 34, "excluded_lines": 0, "percent_statements_covered": 34.61538461538461, "percent_statements_covered_display": "35"}, "missing_lines": [100, 101, 102, 103, 105, 107, 108, 109, 110, 111, 112, 115, 116, 117, 118, 121, 129, 130, 137, 147, 152, 153, 156, 160, 162, 165, 175, 180, 185, 186, 187, 188, 191, 204], "excluded_lines": []}}}, "receipt_chroma/embedding/formatting/__init__.py": {"executed_lines": [1, 7, 12, 18], "summary": {"covered_lines": 3, "num_statements": 3, "percent_covered": 100.0, "percent_covered_display": "100", "missing_lines": 0, "excluded_lines": 0, "percent_statements_covered": 100.0, "percent_statements_covered_display": "100"}, "missing_lines": [], "excluded_lines": [], "functions": {"": {"executed_lines": [1, 7, 12, 18], "summary": {"covered_lines": 3, "num_statements": 3, "percent_covered": 100.0, "percent_covered_display": "100", "missing_lines": 0, "excluded_lines": 0, "percent_statements_covered": 100.0, "percent_statements_covered_display": "100"}, "missing_lines": [], "excluded_lines": []}}, "classes": {"": {"executed_lines": [1, 7, 12, 18], "summary": {"covered_lines": 3, "num_statements": 3, "percent_covered": 100.0, "percent_covered_display": "100", "missing_lines": 0, "excluded_lines": 0, "percent_statements_covered": 100.0, "percent_statements_covered_display": "100"}, "missing_lines": [], "excluded_lines": []}}}, "receipt_chroma/embedding/formatting/line_format.py": {"executed_lines": [1, 7, 8, 10, 13, 25, 43, 44, 45, 46, 47, 48, 51, 52, 54, 55, 56, 57, 58, 60, 61, 62, 63, 64, 66, 72, 87, 88, 89, 90, 92, 93, 94, 95, 98, 115, 117, 118, 120, 121, 122, 123, 124, 126, 127, 128, 129, 130, 132], "summary": {"covered_lines": 48, "num_statements": 49, "percent_covered": 97.95918367346938, "percent_covered_display": "98", "missing_lines": 1, "excluded_lines": 0, "percent_statements_covered": 97.95918367346938, "percent_statements_covered_display": "98"}, "missing_lines": [22], "excluded_lines": [], "functions": {"_get_line_position": {"executed_lines": [], "summary": {"covered_lines": 0, "num_statements": 1, "percent_covered": 0.0, "percent_covered_display": "0", "missing_lines": 1, "excluded_lines": 0, "percent_statements_covered": 0.0, "percent_statements_covered_display": "0"}, "missing_lines": [22], "excluded_lines": []}, "format_line_context_embedding_input": {"executed_lines": [43, 44, 45, 46, 47, 48, 51, 52, 54, 55, 56, 57, 58, 60, 61, 62, 63, 64, 66], "summary": {"covered_lines": 19, "num_statements": 19, "percent_covered": 100.0, "percent_covered_display": "100", "missing_lines": 0, "excluded_lines": 0, "percent_statements_covered": 100.0, "percent_statements_covered_display": "100"}, "missing_lines": [], "excluded_lines": []}, "parse_prev_next_from_formatted": {"executed_lines": [87, 88, 89, 90, 92, 93, 94, 95], "summary": {"covered_lines": 8, "num_statements": 8, "percent_covered": 100.0, "percent_covered_display": "100", "missing_lines": 0, "excluded_lines": 0, "percent_statements_covered": 100.0, "percent_statements_covered_display": "100"}, "missing_lines": [], "excluded_lines": []}, "get_line_neighbors": {"executed_lines": [115, 117, 118, 120, 121, 122, 123, 124, 126, 127, 128, 129, 130, 132], "summary": {"covered_lines": 14, "num_statements": 14, "percent_covered": 100.0, "percent_covered_display": "100", "missing_lines": 0, "excluded_lines": 0, "percent_statements_covered": 100.0, "percent_statements_covered_display": "100"}, "missing_lines": [], "excluded_lines": []}, "": {"executed_lines": [1, 7, 8, 10, 13, 25, 72, 98], "summary": {"covered_lines": 7, "num_statements": 7, "percent_covered": 100.0, "percent_covered_display": "100", "missing_lines": 0, "excluded_lines": 0, "percent_statements_covered": 100.0, "percent_statements_covered_display": "100"}, "missing_lines": [], "excluded_lines": []}}, "classes": {"": {"executed_lines": [1, 7, 8, 10, 13, 25, 43, 44, 45, 46, 47, 48, 51, 52, 54, 55, 56, 57, 58, 60, 61, 62, 63, 64, 66, 72, 87, 88, 89, 90, 92, 93, 94, 95, 98, 115, 117, 118, 120, 121, 122, 123, 124, 126, 127, 128, 129, 130, 132], "summary": {"covered_lines": 48, "num_statements": 49, "percent_covered": 97.95918367346938, "percent_covered_display": "98", "missing_lines": 1, "excluded_lines": 0, "percent_statements_covered": 97.95918367346938, "percent_statements_covered_display": "98"}, "missing_lines": [22], "excluded_lines": []}}}, "receipt_chroma/embedding/formatting/word_format.py": {"executed_lines": [1, 7, 9, 12, 41, 68, 74, 88, 89, 90, 97, 98, 99, 103, 104, 105, 112, 113, 114, 117, 122, 127, 130, 153, 158, 160, 165, 175, 178, 181, 184, 216, 222, 236, 237, 238, 245, 246, 247, 251, 252, 253, 260, 261, 262, 264], "summary": {"covered_lines": 45, "num_statements": 63, "percent_covered": 71.42857142857143, "percent_covered_display": "71", "missing_lines": 18, "excluded_lines": 0, "percent_statements_covered": 71.42857142857143, "percent_statements_covered_display": "71"}, "missing_lines": [20, 23, 24, 25, 26, 28, 31, 32, 33, 34, 36, 38, 96, 111, 162, 168, 244, 259], "excluded_lines": [], "functions": {"_get_word_position": {"executed_lines": [], "summary": {"covered_lines": 0, "num_statements": 12, "percent_covered": 0.0, "percent_covered_display": "0", "missing_lines": 12, "excluded_lines": 0, "percent_statements_covered": 0.0, "percent_statements_covered_display": "0"}, "missing_lines": [20, 23, 24, 25, 26, 28, 31, 32, 33, 34, 36, 38], "excluded_lines": []}, "format_word_context_embedding_input": {"executed_lines": [68, 74, 88, 89, 90, 97, 98, 99, 103, 104, 105, 112, 113, 114, 117, 122, 127], "summary": {"covered_lines": 17, "num_statements": 19, "percent_covered": 89.47368421052632, "percent_covered_display": "89", "missing_lines": 2, "excluded_lines": 0, "percent_statements_covered": 89.47368421052632, "percent_statements_covered_display": "89"}, "missing_lines": [96, 111], "excluded_lines": []}, "parse_left_right_from_formatted": {"executed_lines": [153, 158, 160, 165, 175, 178, 181], "summary": {"covered_lines": 7, "num_statements": 9, "percent_covered": 77.77777777777777, "percent_covered_display": "78", "missing_lines": 2, "excluded_lines": 0, "percent_statements_covered": 77.77777777777777, "percent_statements_covered_display": "78"}, "missing_lines": [162, 168], "excluded_lines": []}, "get_word_neighbors": {"executed_lines": [216, 222, 236, 237, 238, 245, 246, 247, 251, 252, 253, 260, 261, 262, 264], "summary": {"covered_lines": 15, "num_statements": 17, "percent_covered": 88.23529411764706, "percent_covered_display": "88", "missing_lines": 2, "excluded_lines": 0, "percent_statements_covered": 88.23529411764706, "percent_statements_covered_display": "88"}, "missing_lines": [244, 259], "excluded_lines": []}, "": {"executed_lines": [1, 7, 9, 12, 41, 130, 184], "summary": {"covered_lines": 6, "num_statements": 6, "percent_covered": 100.0, "percent_covered_display": "100", "missing_lines": 0, "excluded_lines": 0, "percent_statements_covered": 100.0, "percent_statements_covered_display": "100"}, "missing_lines": [], "excluded_lines": []}}, "classes": {"": {"executed_lines": [1, 7, 9, 12, 41, 68, 74, 88, 89, 90, 97, 98, 99, 103, 104, 105, 112, 113, 114, 117, 122, 127, 130, 153, 158, 160, 165, 175, 178, 181, 184, 216, 222, 236, 237, 238, 245, 246, 247, 251, 252, 253, 260, 261, 262, 264], "summary": {"covered_lines": 45, "num_statements": 63, "percent_covered": 71.42857142857143, "percent_covered_display": "71", "missing_lines": 18, "excluded_lines": 0, "percent_statements_covered": 71.42857142857143, "percent_statements_covered_display": "71"}, "missing_lines": [20, 23, 24, 25, 26, 28, 31, 32, 33, 34, 36, 38, 96, 111, 162, 168, 244, 259], "excluded_lines": []}}}, "receipt_chroma/embedding/metadata/__init__.py": {"executed_lines": [1, 7, 11, 16], "summary": {"covered_lines": 3, "num_statements": 3, "percent_covered": 100.0, "percent_covered_display": "100", "missing_lines": 0, "excluded_lines": 0, "percent_statements_covered": 100.0, "percent_statements_covered_display": "100"}, "missing_lines": [], "excluded_lines": [], "functions": {"": {"executed_lines": [1, 7, 11, 16], "summary": {"covered_lines": 3, "num_statements": 3, "percent_covered": 100.0, "percent_covered_display": "100", "missing_lines": 0, "excluded_lines": 0, "percent_statements_covered": 100.0, "percent_statements_covered_display": "100"}, "missing_lines": [], "excluded_lines": []}}, "classes": {"": {"executed_lines": [1, 7, 11, 16], "summary": {"covered_lines": 3, "num_statements": 3, "percent_covered": 100.0, "percent_covered_display": "100", "missing_lines": 0, "excluded_lines": 0, "percent_statements_covered": 100.0, "percent_statements_covered_display": "100"}, "missing_lines": [], "excluded_lines": []}}}, "receipt_chroma/embedding/metadata/line_metadata.py": {"executed_lines": [1, 7, 9, 11, 18, 19, 21, 22, 23, 24, 25, 26, 27, 28, 29, 30, 31, 32, 33, 34, 35, 36, 37, 38, 39, 40, 41, 44, 69, 70, 73, 74, 76, 94, 95, 97, 100, 116, 117, 118, 119, 120, 121, 122, 123, 124, 125, 126, 127, 128, 130, 131, 132, 133, 134, 135, 136, 137, 138, 140, 141, 142, 143, 144, 145, 150], "summary": {"covered_lines": 64, "num_statements": 65, "percent_covered": 98.46153846153847, "percent_covered_display": "98", "missing_lines": 1, "excluded_lines": 1, "percent_statements_covered": 98.46153846153847, "percent_statements_covered_display": "98"}, "missing_lines": [146], "excluded_lines": [148], "functions": {"create_line_metadata": {"executed_lines": [69, 70, 73, 74, 76, 94, 95, 97], "summary": {"covered_lines": 8, "num_statements": 8, "percent_covered": 100.0, "percent_covered_display": "100", "missing_lines": 0, "excluded_lines": 0, "percent_statements_covered": 100.0, "percent_statements_covered_display": "100"}, "missing_lines": [], "excluded_lines": []}, "enrich_line_metadata_with_anchors": {"executed_lines": [116, 117, 118, 119, 120, 121, 122, 123, 124, 125, 126, 127, 128, 130, 131, 132, 133, 134, 135, 136, 137, 138, 140, 141, 142, 143, 144, 145, 150], "summary": {"covered_lines": 29, "num_statements": 30, "percent_covered": 96.66666666666667, "percent_covered_display": "97", "missing_lines": 1, "excluded_lines": 1, "percent_statements_covered": 96.66666666666667, "percent_statements_covered_display": "97"}, "missing_lines": [146], "excluded_lines": [148]}, "": {"executed_lines": [1, 7, 9, 11, 18, 19, 21, 22, 23, 24, 25, 26, 27, 28, 29, 30, 31, 32, 33, 34, 35, 36, 37, 38, 39, 40, 41, 44, 100], "summary": {"covered_lines": 27, "num_statements": 27, "percent_covered": 100.0, "percent_covered_display": "100", "missing_lines": 0, "excluded_lines": 0, "percent_statements_covered": 100.0, "percent_statements_covered_display": "100"}, "missing_lines": [], "excluded_lines": []}}, "classes": {"LineMetadata": {"executed_lines": [], "summary": {"covered_lines": 0, "num_statements": 0, "percent_covered": 100.0, "percent_covered_display": "100", "missing_lines": 0, "excluded_lines": 0, "percent_statements_covered": 100.0, "percent_statements_covered_display": "100"}, "missing_lines": [], "excluded_lines": []}, "": {"executed_lines": [1, 7, 9, 11, 18, 19, 21, 22, 23, 24, 25, 26, 27, 28, 29, 30, 31, 32, 33, 34, 35, 36, 37, 38, 39, 40, 41, 44, 69, 70, 73, 74, 76, 94, 95, 97, 100, 116, 117, 118, 119, 120, 121, 122, 123, 124, 125, 126, 127, 128, 130, 131, 132, 133, 134, 135, 136, 137, 138, 140, 141, 142, 143, 144, 145, 150], "summary": {"covered_lines": 64, "num_statements": 65, "percent_covered": 98.46153846153847, "percent_covered_display": "98", "missing_lines": 1, "excluded_lines": 1, "percent_statements_covered": 98.46153846153847, "percent_statements_covered_display": "98"}, "missing_lines": [146], "excluded_lines": [148]}}}, "receipt_chroma/embedding/metadata/word_metadata.py": {"executed_lines": [1, 7, 9, 10, 12, 19, 20, 22, 23, 24, 25, 26, 27, 28, 29, 30, 31, 32, 33, 34, 35, 36, 37, 38, 39, 40, 41, 42, 43, 46, 68, 71, 72, 74, 92, 95, 110, 114, 115, 119, 121, 123, 126, 133, 134, 135, 136, 137, 139, 143, 150, 157, 159, 161, 164, 168, 171, 176, 177, 180, 182, 186, 202, 203, 204, 205, 206, 208, 209, 210, 211, 212, 213, 214, 215, 216, 217, 218, 219, 224], "summary": {"covered_lines": 78, "num_statements": 82, "percent_covered": 95.1219512195122, "percent_covered_display": "95", "missing_lines": 4, "excluded_lines": 1, "percent_statements_covered": 95.1219512195122, "percent_statements_covered_display": "95"}, "missing_lines": [138, 140, 166, 220], "excluded_lines": [222], "functions": {"create_word_metadata": {"executed_lines": [68, 71, 72, 74, 92], "summary": {"covered_lines": 5, "num_statements": 5, "percent_covered": 100.0, "percent_covered_display": "100", "missing_lines": 0, "excluded_lines": 0, "percent_statements_covered": 100.0, "percent_statements_covered_display": "100"}, "missing_lines": [], "excluded_lines": []}, "enrich_word_metadata_with_labels": {"executed_lines": [110, 114, 115, 119, 121, 123, 126, 133, 134, 135, 136, 137, 139, 143, 150, 157, 159, 161, 164, 168, 171, 176, 177, 180, 182], "summary": {"covered_lines": 25, "num_statements": 28, "percent_covered": 89.28571428571429, "percent_covered_display": "89", "missing_lines": 3, "excluded_lines": 0, "percent_statements_covered": 89.28571428571429, "percent_statements_covered_display": "89"}, "missing_lines": [138, 140, 166], "excluded_lines": []}, "enrich_word_metadata_with_anchors": {"executed_lines": [202, 203, 204, 205, 206, 208, 209, 210, 211, 212, 213, 214, 215, 216, 217, 218, 219, 224], "summary": {"covered_lines": 18, "num_statements": 19, "percent_covered": 94.73684210526316, "percent_covered_display": "95", "missing_lines": 1, "excluded_lines": 1, "percent_statements_covered": 94.73684210526316, "percent_statements_covered_display": "95"}, "missing_lines": [220], "excluded_lines": [222]}, "": {"executed_lines": [1, 7, 9, 10, 12, 19, 20, 22, 23, 24, 25, 26, 27, 28, 29, 30, 31, 32, 33, 34, 35, 36, 37, 38, 39, 40, 41, 42, 43, 46, 95, 186], "summary": {"covered_lines": 30, "num_statements": 30, "percent_covered": 100.0, "percent_covered_display": "100", "missing_lines": 0, "excluded_lines": 0, "percent_statements_covered": 100.0, "percent_statements_covered_display": "100"}, "missing_lines": [], "excluded_lines": []}}, "classes": {"WordMetadata": {"executed_lines": [], "summary": {"covered_lines": 0, "num_statements": 0, "percent_covered": 100.0, "percent_covered_display": "100", "missing_lines": 0, "excluded_lines": 0, "percent_statements_covered": 100.0, "percent_statements_covered_display": "100"}, "missing_lines": [], "excluded_lines": []}, "": {"executed_lines": [1, 7, 9, 10, 12, 19, 20, 22, 23, 24, 25, 26, 27, 28, 29, 30, 31, 32, 33, 34, 35, 36, 37, 38, 39, 40, 41, 42, 43, 46, 68, 71, 72, 74, 92, 95, 110, 114, 115, 119, 121, 123, 126, 133, 134, 135, 136, 137, 139, 143, 150, 157, 159, 161, 164, 168, 171, 176, 177, 180, 182, 186, 202, 203, 204, 205, 206, 208, 209, 210, 211, 212, 213, 214, 215, 216, 217, 218, 219, 224], "summary": {"covered_lines": 78, "num_statements": 82, "percent_covered": 95.1219512195122, "percent_covered_display": "95", "missing_lines": 4, "excluded_lines": 1, "percent_statements_covered": 95.1219512195122, "percent_statements_covered_display": "95"}, "missing_lines": [138, 140, 166, 220], "excluded_lines": [222]}}}, "receipt_chroma/embedding/openai/__init__.py": {"executed_lines": [1, 7, 15, 18, 24, 25, 32], "summary": {"covered_lines": 6, "num_statements": 6, "percent_covered": 100.0, "percent_covered_display": "100", "missing_lines": 0, "excluded_lines": 0, "percent_statements_covered": 100.0, "percent_statements_covered_display": "100"}, "missing_lines": [], "excluded_lines": [], "functions": {"": {"executed_lines": [1, 7, 15, 18, 24, 25, 32], "summary": {"covered_lines": 6, "num_statements": 6, "percent_covered": 100.0, "percent_covered_display": "100", "missing_lines": 0, "excluded_lines": 0, "percent_statements_covered": 100.0, "percent_statements_covered_display": "100"}, "missing_lines": [], "excluded_lines": []}}, "classes": {"": {"executed_lines": [1, 7, 15, 18, 24, 25, 32], "summary": {"covered_lines": 6, "num_statements": 6, "percent_covered": 100.0, "percent_covered_display": "100", "missing_lines": 0, "excluded_lines": 0, "percent_statements_covered": 100.0, "percent_statements_covered_display": "100"}, "missing_lines": [], "excluded_lines": []}}}, "receipt_chroma/embedding/openai/batch_status.py": {"executed_lines": [1, 8, 9, 10, 11, 13, 14, 15, 16, 18, 21, 51, 134, 211, 241, 308, 371, 423, 457, 513, 575], "summary": {"covered_lines": 20, "num_statements": 169, "percent_covered": 11.834319526627219, "percent_covered_display": "12", "missing_lines": 149, "excluded_lines": 0, "percent_statements_covered": 11.834319526627219, "percent_statements_covered_display": "12"}, "missing_lines": [34, 45, 46, 48, 68, 70, 71, 76, 84, 87, 88, 89, 90, 91, 92, 94, 96, 97, 99, 100, 101, 103, 104, 105, 106, 107, 108, 110, 120, 122, 123, 124, 126, 149, 151, 152, 155, 156, 158, 159, 160, 161, 162, 163, 165, 167, 168, 169, 171, 172, 174, 181, 182, 189, 191, 192, 193, 196, 197, 198, 199, 201, 208, 231, 233, 259, 262, 265, 266, 267, 270, 271, 272, 276, 279, 282, 289, 290, 296, 326, 329, 334, 335, 336, 339, 340, 342, 345, 348, 358, 390, 393, 394, 395, 398, 399, 400, 402, 407, 408, 414, 442, 445, 446, 447, 449, 486, 488, 489, 492, 493, 496, 497, 500, 501, 504, 505, 509, 510, 528, 530, 531, 533, 534, 535, 537, 538, 540, 543, 544, 545, 546, 547, 548, 550, 551, 553, 556, 557, 558, 559, 560, 561, 563, 564, 569, 571, 572, 591], "excluded_lines": [], "functions": {"map_openai_to_dynamo_status": {"executed_lines": [], "summary": {"covered_lines": 0, "num_statements": 4, "percent_covered": 0.0, "percent_covered_display": "0", "missing_lines": 4, "excluded_lines": 0, "percent_statements_covered": 0.0, "percent_statements_covered_display": "0"}, "missing_lines": [34, 45, 46, 48], "excluded_lines": []}, "process_error_file": {"executed_lines": [], "summary": {"covered_lines": 0, "num_statements": 29, "percent_covered": 0.0, "percent_covered_display": "0", "missing_lines": 29, "excluded_lines": 0, "percent_statements_covered": 0.0, "percent_statements_covered_display": "0"}, "missing_lines": [68, 70, 71, 76, 84, 87, 88, 89, 90, 91, 92, 94, 96, 97, 99, 100, 101, 103, 104, 105, 106, 107, 108, 110, 120, 122, 123, 124, 126], "excluded_lines": []}, "process_partial_results": {"executed_lines": [], "summary": {"covered_lines": 0, "num_statements": 30, "percent_covered": 0.0, "percent_covered_display": "0", "missing_lines": 30, "excluded_lines": 0, "percent_statements_covered": 0.0, "percent_statements_covered_display": "0"}, "missing_lines": [149, 151, 152, 155, 156, 158, 159, 160, 161, 162, 163, 165, 167, 168, 169, 171, 172, 174, 181, 182, 189, 191, 192, 193, 196, 197, 198, 199, 201, 208], "excluded_lines": []}, "handle_completed_status": {"executed_lines": [], "summary": {"covered_lines": 0, "num_statements": 2, "percent_covered": 0.0, "percent_covered_display": "0", "missing_lines": 2, "excluded_lines": 0, "percent_statements_covered": 0.0, "percent_statements_covered_display": "0"}, "missing_lines": [231, 233], "excluded_lines": []}, "handle_failed_status": {"executed_lines": [], "summary": {"covered_lines": 0, "num_statements": 14, "percent_covered": 0.0, "percent_covered_display": "0", "missing_lines": 14, "excluded_lines": 0, "percent_statements_covered": 0.0, "percent_statements_covered_display": "0"}, "missing_lines": [259, 262, 265, 266, 267, 270, 271, 272, 276, 279, 282, 289, 290, 296], "excluded_lines": []}, "handle_expired_status": {"executed_lines": [], "summary": {"covered_lines": 0, "num_statements": 11, "percent_covered": 0.0, "percent_covered_display": "0", "missing_lines": 11, "excluded_lines": 0, "percent_statements_covered": 0.0, "percent_statements_covered_display": "0"}, "missing_lines": [326, 329, 334, 335, 336, 339, 340, 342, 345, 348, 358], "excluded_lines": []}, "handle_in_progress_status": {"executed_lines": [], "summary": {"covered_lines": 0, "num_statements": 11, "percent_covered": 0.0, "percent_covered_display": "0", "missing_lines": 11, "excluded_lines": 0, "percent_statements_covered": 0.0, "percent_statements_covered_display": "0"}, "missing_lines": [390, 393, 394, 395, 398, 399, 400, 402, 407, 408, 414], "excluded_lines": []}, "handle_cancelled_status": {"executed_lines": [], "summary": {"covered_lines": 0, "num_statements": 5, "percent_covered": 0.0, "percent_covered_display": "0", "missing_lines": 5, "excluded_lines": 0, "percent_statements_covered": 0.0, "percent_statements_covered_display": "0"}, "missing_lines": [442, 445, 446, 447, 449], "excluded_lines": []}, "handle_batch_status": {"executed_lines": [], "summary": {"covered_lines": 0, "num_statements": 13, "percent_covered": 0.0, "percent_covered_display": "0", "missing_lines": 13, "excluded_lines": 0, "percent_statements_covered": 0.0, "percent_statements_covered_display": "0"}, "missing_lines": [486, 488, 489, 492, 493, 496, 497, 500, 501, 504, 505, 509, 510], "excluded_lines": []}, "mark_items_for_retry": {"executed_lines": [], "summary": {"covered_lines": 0, "num_statements": 29, "percent_covered": 0.0, "percent_covered_display": "0", "missing_lines": 29, "excluded_lines": 0, "percent_statements_covered": 0.0, "percent_statements_covered_display": "0"}, "missing_lines": [528, 530, 531, 533, 534, 535, 537, 538, 540, 543, 544, 545, 546, 547, 548, 550, 551, 553, 556, 557, 558, 559, 560, 561, 563, 564, 569, 571, 572], "excluded_lines": []}, "should_retry_batch": {"executed_lines": [], "summary": {"covered_lines": 0, "num_statements": 1, "percent_covered": 0.0, "percent_covered_display": "0", "missing_lines": 1, "excluded_lines": 0, "percent_statements_covered": 0.0, "percent_statements_covered_display": "0"}, "missing_lines": [591], "excluded_lines": []}, "": {"executed_lines": [1, 8, 9, 10, 11, 13, 14, 15, 16, 18, 21, 51, 134, 211, 241, 308, 371, 423, 457, 513, 575], "summary": {"covered_lines": 20, "num_statements": 20, "percent_covered": 100.0, "percent_covered_display": "100", "missing_lines": 0, "excluded_lines": 0, "percent_statements_covered": 100.0, "percent_statements_covered_display": "100"}, "missing_lines": [], "excluded_lines": []}}, "classes": {"": {"executed_lines": [1, 8, 9, 10, 11, 13, 14, 15, 16, 18, 21, 51, 134, 211, 241, 308, 371, 423, 457, 513, 575], "summary": {"covered_lines": 20, "num_statements": 169, "percent_covered": 11.834319526627219, "percent_covered_display": "12", "missing_lines": 149, "excluded_lines": 0, "percent_statements_covered": 11.834319526627219, "percent_statements_covered_display": "12"}, "missing_lines": [34, 45, 46, 48, 68, 70, 71, 76, 84, 87, 88, 89, 90, 91, 92, 94, 96, 97, 99, 100, 101, 103, 104, 105, 106, 107, 108, 110, 120, 122, 123, 124, 126, 149, 151, 152, 155, 156, 158, 159, 160, 161, 162, 163, 165, 167, 168, 169, 171, 172, 174, 181, 182, 189, 191, 192, 193, 196, 197, 198, 199, 201, 208, 231, 233, 259, 262, 265, 266, 267, 270, 271, 272, 276, 279, 282, 289, 290, 296, 326, 329, 334, 335, 336, 339, 340, 342, 345, 348, 358, 390, 393, 394, 395, 398, 399, 400, 402, 407, 408, 414, 442, 445, 446, 447, 449, 486, 488, 489, 492, 493, 496, 497, 500, 501, 504, 505, 509, 510, 528, 530, 531, 533, 534, 535, 537, 538, 540, 543, 544, 545, 546, 547, 548, 550, 551, 553, 556, 557, 558, 559, 560, 561, 563, 564, 569, 571, 572, 591], "excluded_lines": []}}}, "receipt_chroma/embedding/openai/helpers.py": {"executed_lines": [1, 6, 9, 21], "summary": {"covered_lines": 3, "num_statements": 3, "percent_covered": 100.0, "percent_covered_display": "100", "missing_lines": 0, "excluded_lines": 0, "percent_statements_covered": 100.0, "percent_statements_covered_display": "100"}, "missing_lines": [], "excluded_lines": [], "functions": {"get_unique_receipt_and_image_ids": {"executed_lines": [21], "summary": {"covered_lines": 1, "num_statements": 1, "percent_covered": 100.0, "percent_covered_display": "100", "missing_lines": 0, "excluded_lines": 0, "percent_statements_covered": 100.0, "percent_statements_covered_display": "100"}, "missing_lines": [], "excluded_lines": []}, "": {"executed_lines": [1, 6, 9], "summary": {"covered_lines": 2, "num_statements": 2, "percent_covered": 100.0, "percent_covered_display": "100", "missing_lines": 0, "excluded_lines": 0, "percent_statements_covered": 100.0, "percent_statements_covered_display": "100"}, "missing_lines": [], "excluded_lines": []}}, "classes": {"": {"executed_lines": [1, 6, 9, 21], "summary": {"covered_lines": 3, "num_statements": 3, "percent_covered": 100.0, "percent_covered_display": "100", "missing_lines": 0, "excluded_lines": 0, "percent_statements_covered": 100.0, "percent_statements_covered_display": "100"}, "missing_lines": [], "excluded_lines": []}}}, "receipt_chroma/embedding/openai/poll.py": {"executed_lines": [1, 7, 8, 9, 11, 12, 13, 14, 16, 19, 35, 108, 137], "summary": {"covered_lines": 12, "num_statements": 51, "percent_covered": 23.529411764705884, "percent_covered_display": "24", "missing_lines": 39, "excluded_lines": 0, "percent_statements_covered": 23.529411764705884, "percent_statements_covered_display": "24"}, "missing_lines": [32, 48, 49, 51, 52, 57, 59, 62, 63, 64, 65, 66, 67, 69, 71, 72, 73, 74, 76, 77, 79, 86, 87, 94, 98, 99, 100, 102, 105, 120, 126, 127, 133, 134, 149, 155, 156, 162, 163], "excluded_lines": [], "functions": {"get_openai_batch_status": {"executed_lines": [], "summary": {"covered_lines": 0, "num_statements": 1, "percent_covered": 0.0, "percent_covered_display": "0", "missing_lines": 1, "excluded_lines": 0, "percent_statements_covered": 0.0, "percent_statements_covered_display": "0"}, "missing_lines": [32], "excluded_lines": []}, "download_openai_batch_result": {"executed_lines": [], "summary": {"covered_lines": 0, "num_statements": 28, "percent_covered": 0.0, "percent_covered_display": "0", "missing_lines": 28, "excluded_lines": 0, "percent_statements_covered": 0.0, "percent_statements_covered_display": "0"}, "missing_lines": [48, 49, 51, 52, 57, 59, 62, 63, 64, 65, 66, 67, 69, 71, 72, 73, 74, 76, 77, 79, 86, 87, 94, 98, 99, 100, 102, 105], "excluded_lines": []}, "list_pending_line_embedding_batches": {"executed_lines": [], "summary": {"covered_lines": 0, "num_statements": 5, "percent_covered": 0.0, "percent_covered_display": "0", "missing_lines": 5, "excluded_lines": 0, "percent_statements_covered": 0.0, "percent_statements_covered_display": "0"}, "missing_lines": [120, 126, 127, 133, 134], "excluded_lines": []}, "list_pending_word_embedding_batches": {"executed_lines": [], "summary": {"covered_lines": 0, "num_statements": 5, "percent_covered": 0.0, "percent_covered_display": "0", "missing_lines": 5, "excluded_lines": 0, "percent_statements_covered": 0.0, "percent_statements_covered_display": "0"}, "missing_lines": [149, 155, 156, 162, 163], "excluded_lines": []}, "": {"executed_lines": [1, 7, 8, 9, 11, 12, 13, 14, 16, 19, 35, 108, 137], "summary": {"covered_lines": 12, "num_statements": 12, "percent_covered": 100.0, "percent_covered_display": "100", "missing_lines": 0, "excluded_lines": 0, "percent_statements_covered": 100.0, "percent_statements_covered_display": "100"}, "missing_lines": [], "excluded_lines": []}}, "classes": {"": {"executed_lines": [1, 7, 8, 9, 11, 12, 13, 14, 16, 19, 35, 108, 137], "summary": {"covered_lines": 12, "num_statements": 51, "percent_covered": 23.529411764705884, "percent_covered_display": "24", "missing_lines": 39, "excluded_lines": 0, "percent_statements_covered": 23.529411764705884, "percent_statements_covered_display": "24"}, "missing_lines": [32, 48, 49, 51, 52, 57, 59, 62, 63, 64, 65, 66, 67, 69, 71, 72, 73, 74, 76, 77, 79, 86, 87, 94, 98, 99, 100, 102, 105, 120, 126, 127, 133, 134, 149, 155, 156, 162, 163], "excluded_lines": []}}}, "receipt_chroma/embedding/openai/realtime.py": {"executed_lines": [1, 8, 10, 13, 31, 32, 33, 35, 36], "summary": {"covered_lines": 8, "num_statements": 9, "percent_covered": 88.88888888888889, "percent_covered_display": "89", "missing_lines": 1, "excluded_lines": 0, "percent_statements_covered": 88.88888888888889, "percent_statements_covered_display": "89"}, "missing_lines": [34], "excluded_lines": [], "functions": {"embed_texts": {"executed_lines": [31, 32, 33, 35, 36], "summary": {"covered_lines": 5, "num_statements": 6, "percent_covered": 83.33333333333333, "percent_covered_display": "83", "missing_lines": 1, "excluded_lines": 0, "percent_statements_covered": 83.33333333333333, "percent_statements_covered_display": "83"}, "missing_lines": [34], "excluded_lines": []}, "": {"executed_lines": [1, 8, 10, 13], "summary": {"covered_lines": 3, "num_statements": 3, "percent_covered": 100.0, "percent_covered_display": "100", "missing_lines": 0, "excluded_lines": 0, "percent_statements_covered": 100.0, "percent_statements_covered_display": "100"}, "missing_lines": [], "excluded_lines": []}}, "classes": {"": {"executed_lines": [1, 8, 10, 13, 31, 32, 33, 35, 36], "summary": {"covered_lines": 8, "num_statements": 9, "percent_covered": 88.88888888888889, "percent_covered_display": "89", "missing_lines": 1, "excluded_lines": 0, "percent_statements_covered": 88.88888888888889, "percent_statements_covered_display": "89"}, "missing_lines": [34], "excluded_lines": []}}}, "receipt_chroma/embedding/openai/submit.py": {"executed_lines": [1, 7, 8, 9, 10, 11, 13, 14, 15, 16, 17, 19, 22, 33, 38, 49, 57, 77, 78, 81, 82, 83, 84, 85, 86, 87, 89, 90, 91, 92, 93, 96, 107, 117], "summary": {"covered_lines": 33, "num_statements": 33, "percent_covered": 100.0, "percent_covered_display": "100", "missing_lines": 0, "excluded_lines": 0, "percent_statements_covered": 100.0, "percent_statements_covered_display": "100"}, "missing_lines": [], "excluded_lines": [], "functions": {"upload_to_openai": {"executed_lines": [33], "summary": {"covered_lines": 1, "num_statements": 1, "percent_covered": 100.0, "percent_covered_display": "100", "missing_lines": 0, "excluded_lines": 0, "percent_statements_covered": 100.0, "percent_statements_covered_display": "100"}, "missing_lines": [], "excluded_lines": []}, "submit_openai_batch": {"executed_lines": [49], "summary": {"covered_lines": 1, "num_statements": 1, "percent_covered": 100.0, "percent_covered_display": "100", "missing_lines": 0, "excluded_lines": 0, "percent_statements_covered": 100.0, "percent_statements_covered_display": "100"}, "missing_lines": [], "excluded_lines": []}, "create_batch_summary": {"executed_lines": [77, 78, 81, 82, 83, 84, 85, 86, 87, 89, 90, 91, 92, 93, 96], "summary": {"covered_lines": 15, "num_statements": 15, "percent_covered": 100.0, "percent_covered_display": "100", "missing_lines": 0, "excluded_lines": 0, "percent_statements_covered": 100.0, "percent_statements_covered_display": "100"}, "missing_lines": [], "excluded_lines": []}, "add_batch_summary": {"executed_lines": [117], "summary": {"covered_lines": 1, "num_statements": 1, "percent_covered": 100.0, "percent_covered_display": "100", "missing_lines": 0, "excluded_lines": 0, "percent_statements_covered": 100.0, "percent_statements_covered_display": "100"}, "missing_lines": [], "excluded_lines": []}, "": {"executed_lines": [1, 7, 8, 9, 10, 11, 13, 14, 15, 16, 17, 19, 22, 38, 57, 107], "summary": {"covered_lines": 15, "num_statements": 15, "percent_covered": 100.0, "percent_covered_display": "100", "missing_lines": 0, "excluded_lines": 0, "percent_statements_covered": 100.0, "percent_statements_covered_display": "100"}, "missing_lines": [], "excluded_lines": []}}, "classes": {"": {"executed_lines": [1, 7, 8, 9, 10, 11, 13, 14, 15, 16, 17, 19, 22, 33, 38, 49, 57, 77, 78, 81, 82, 83, 84, 85, 86, 87, 89, 90, 91, 92, 9
[...]
s_covered_display": "100"}, "missing_lines": [], "excluded_lines": []}, "UploadResult": {"executed_lines": [], "summary": {"covered_lines": 0, "num_statements": 0, "percent_covered": 100.0, "percent_covered_display": "100", "missing_lines": 0, "excluded_lines": 0, "percent_statements_covered": 100.0, "percent_statements_covered_display": "100"}, "missing_lines": [], "excluded_lines": []}, "DeltaTarballResult": {"executed_lines": [], "summary": {"covered_lines": 0, "num_statements": 0, "percent_covered": 100.0, "percent_covered_display": "100", "missing_lines": 0, "excluded_lines": 0, "percent_statements_covered": 100.0, "percent_statements_covered_display": "100"}, "missing_lines": [], "excluded_lines": []}, "": {"executed_lines": [1, 3, 4, 5, 6, 7, 8, 10, 11, 13, 16, 18, 21, 22, 24, 25, 28, 29, 30, 31, 34, 35, 37, 38, 39, 40, 41, 42, 43, 46, 47, 49, 50, 51, 52, 53, 56, 78, 85, 86, 89, 91, 93, 94, 95, 98, 99, 100, 101, 103, 104, 106, 107, 108, 110, 111, 114, 115, 118, 121, 124, 126, 127, 130, 131, 132, 133, 142, 143, 149, 162, 190, 199, 200, 203, 205, 206, 207, 208, 211, 219, 220, 221, 222, 225, 226, 227, 231, 233, 234, 235, 236, 237, 238, 239, 240, 241, 249, 250, 252, 253, 254, 256, 257, 260, 261, 262, 264, 268, 269, 272, 273, 274, 275, 283, 290, 304, 306, 307, 308, 309, 310, 311, 316, 320, 323, 324, 326, 329, 330, 331, 334, 335, 338, 341, 342, 353], "summary": {"covered_lines": 133, "num_statements": 179, "percent_covered": 74.30167597765363, "percent_covered_display": "74", "missing_lines": 46, "excluded_lines": 0, "percent_statements_covered": 74.30167597765363, "percent_statements_covered_display": "74"}, "missing_lines": [14, 87, 116, 134, 157, 158, 159, 201, 244, 245, 246, 299, 300, 301, 343, 344, 345, 346, 347, 348, 390, 397, 398, 399, 401, 403, 404, 405, 406, 410, 416, 417, 420, 421, 423, 424, 431, 434, 437, 438, 442, 446, 453, 460, 461, 462], "excluded_lines": []}}}, "receipt_chroma/s3/snapshot.py": {"executed_lines": [1, 3, 4, 5, 6, 7, 8, 9, 10, 12, 13, 14, 16, 17, 24, 27, 49, 50, 52, 55, 56, 57, 64, 72, 83, 84, 85, 94, 95, 96, 98, 107, 108, 120, 121, 126, 127, 128, 129, 133, 134, 142, 170, 171, 172, 178, 207, 208, 210, 212, 220, 221, 222, 224, 233, 243, 255, 264, 290, 297, 321, 326, 335, 336, 345, 351, 371, 394, 395, 397, 399, 401, 402, 403, 404, 406, 411, 412, 414, 421, 422, 427, 435, 437, 438, 443, 450, 456, 457, 464, 487, 492, 506, 532, 533, 535, 536, 542, 549, 561, 562, 572, 573, 576, 590, 597, 605, 629], "summary": {"covered_lines": 107, "num_statements": 162, "percent_covered": 66.04938271604938, "percent_covered_display": "66", "missing_lines": 55, "excluded_lines": 2, "percent_statements_covered": 66.04938271604938, "percent_statements_covered_display": "66"}, "missing_lines": [53, 73, 74, 80, 86, 87, 91, 99, 100, 104, 109, 110, 117, 144, 146, 147, 155, 157, 159, 160, 167, 173, 213, 244, 245, 266, 272, 273, 274, 278, 282, 298, 303, 304, 305, 309, 313, 339, 343, 361, 363, 364, 424, 472, 480, 500, 502, 503, 591, 614, 616, 622, 630, 631, 632], "excluded_lines": [175, 634], "functions": {"_validate_snapshot_after_upload": {"executed_lines": [49, 50, 52, 55, 56, 57, 64, 72, 83, 84, 85, 94, 95, 96, 98, 107, 108, 120, 121, 126, 127, 128, 129, 133, 134, 142, 170, 171, 172], "summary": {"covered_lines": 29, "num_statements": 51, "percent_covered": 56.86274509803921, "percent_covered_display": "57", "missing_lines": 22, "excluded_lines": 1, "percent_statements_covered": 56.86274509803921, "percent_statements_covered_display": "57"}, "missing_lines": [53, 73, 74, 80, 86, 87, 91, 99, 100, 104, 109, 110, 117, 144, 146, 147, 155, 157, 159, 160, 167, 173], "excluded_lines": [175]}, "upload_snapshot_atomic": {"executed_lines": [207, 208, 210, 212, 220, 221, 222, 224, 233, 243, 255, 264, 290, 297, 321, 326, 335, 336, 345, 351], "summary": {"covered_lines": 20, "num_statements": 40, "percent_covered": 50.0, "percent_covered_display": "50", "missing_lines": 20, "excluded_lines": 0, "percent_statements_covered": 50.0, "percent_statements_covered_display": "50"}, "missing_lines": [213, 244, 245, 266, 272, 273, 274, 278, 282, 298, 303, 304, 305, 309, 313, 339, 343, 361, 363, 364], "excluded_lines": []}, "download_snapshot_atomic": {"executed_lines": [394, 395, 397, 399, 401, 402, 403, 404, 406, 411, 412, 414, 421, 422, 427, 435, 437, 438, 443, 450, 456, 457, 464, 487, 492], "summary": {"covered_lines": 25, "num_statements": 31, "percent_covered": 80.64516129032258, "percent_covered_display": "81", "missing_lines": 6, "excluded_lines": 0, "percent_statements_covered": 80.64516129032258, "percent_statements_covered_display": "81"}, "missing_lines": [424, 472, 480, 500, 502, 503], "excluded_lines": []}, "initialize_empty_snapshot": {"executed_lines": [532, 533, 535, 536, 542, 549, 561, 562, 572, 573, 576, 590, 597, 605, 629], "summary": {"covered_lines": 15, "num_statements": 22, "percent_covered": 68.18181818181819, "percent_covered_display": "68", "missing_lines": 7, "excluded_lines": 1, "percent_statements_covered": 68.18181818181819, "percent_statements_covered_display": "68"}, "missing_lines": [591, 614, 616, 622, 630, 631, 632], "excluded_lines": [634]}, "": {"executed_lines": [1, 3, 4, 5, 6, 7, 8, 9, 10, 12, 13, 14, 16, 17, 24, 27, 178, 371, 506], "summary": {"covered_lines": 18, "num_statements": 18, "percent_covered": 100.0, "percent_covered_display": "100", "missing_lines": 0, "excluded_lines": 0, "percent_statements_covered": 100.0, "percent_statements_covered_display": "100"}, "missing_lines": [], "excluded_lines": []}}, "classes": {"": {"executed_lines": [1, 3, 4, 5, 6, 7, 8, 9, 10, 12, 13, 14, 16, 17, 24, 27, 49, 50, 52, 55, 56, 57, 64, 72, 83, 84, 85, 94, 95, 96, 98, 107, 108, 120, 121, 126, 127, 128, 129, 133, 134, 142, 170, 171, 172, 178, 207, 208, 210, 212, 220, 221, 222, 224, 233, 243, 255, 264, 290, 297, 321, 326, 335, 336, 345, 351, 371, 394, 395, 397, 399, 401, 402, 403, 404, 406, 411, 412, 414, 421, 422, 427, 435, 437, 438, 443, 450, 456, 457, 464, 487, 492, 506, 532, 533, 535, 536, 542, 549, 561, 562, 572, 573, 576, 590, 597, 605, 629], "summary": {"covered_lines": 107, "num_statements": 162, "percent_covered": 66.04938271604938, "percent_covered_display": "66", "missing_lines": 55, "excluded_lines": 2, "percent_statements_covered": 66.04938271604938, "percent_statements_covered_display": "66"}, "missing_lines": [53, 73, 74, 80, 86, 87, 91, 99, 100, 104, 109, 110, 117, 144, 146, 147, 155, 157, 159, 160, 167, 173, 213, 244, 245, 266, 272, 273, 274, 278, 282, 298, 303, 304, 305, 309, 313, 339, 343, 361, 363, 364, 424, 472, 480, 500, 502, 503, 591, 614, 616, 622, 630, 631, 632], "excluded_lines": [175, 634]}}}, "receipt_chroma/storage/__init__.py": {"executed_lines": [1, 3, 7, 9], "summary": {"covered_lines": 3, "num_statements": 3, "percent_covered": 100.0, "percent_covered_display": "100", "missing_lines": 0, "excluded_lines": 0, "percent_statements_covered": 100.0, "percent_statements_covered_display": "100"}, "missing_lines": [], "excluded_lines": [], "functions": {"": {"executed_lines": [1, 3, 7, 9], "summary": {"covered_lines": 3, "num_statements": 3, "percent_covered": 100.0, "percent_covered_display": "100", "missing_lines": 0, "excluded_lines": 0, "percent_statements_covered": 100.0, "percent_statements_covered_display": "100"}, "missing_lines": [], "excluded_lines": []}}, "classes": {"": {"executed_lines": [1, 3, 7, 9], "summary": {"covered_lines": 3, "num_statements": 3, "percent_covered": 100.0, "percent_covered_display": "100", "missing_lines": 0, "excluded_lines": 0, "percent_statements_covered": 100.0, "percent_statements_covered_display": "100"}, "missing_lines": [], "excluded_lines": []}}}, "receipt_chroma/storage/efs.py": {"executed_lines": [1, 11, 12, 13, 14, 15, 17, 18, 20, 23, 24, 26, 44, 45, 46, 49, 50, 55, 56, 59, 62, 64, 76, 84, 105, 195, 199, 243, 309, 356], "summary": {"covered_lines": 28, "num_statements": 118, "percent_covered": 23.728813559322035, "percent_covered_display": "24", "missing_lines": 90, "excluded_lines": 0, "percent_statements_covered": 23.728813559322035, "percent_statements_covered_display": "24"}, "missing_lines": [66, 67, 68, 69, 70, 71, 74, 78, 79, 80, 81, 82, 86, 87, 89, 90, 93, 94, 95, 96, 99, 100, 101, 102, 103, 115, 118, 119, 121, 128, 129, 130, 137, 138, 139, 141, 144, 146, 148, 156, 157, 163, 170, 172, 173, 179, 180, 189, 197, 210, 211, 212, 218, 226, 232, 234, 235, 241, 251, 254, 262, 268, 269, 275, 276, 280, 287, 288, 292, 293, 299, 300, 316, 317, 318, 321, 322, 323, 324, 325, 328, 331, 332, 333, 335, 342, 343, 349, 350, 371], "excluded_lines": [], "functions": {"EFSSnapshotManager.__init__": {"executed_lines": [44, 45, 46, 49, 50, 55, 56, 59, 62], "summary": {"covered_lines": 9, "num_statements": 9, "percent_covered": 100.0, "percent_covered_display": "100", "missing_lines": 0, "excluded_lines": 0, "percent_statements_covered": 100.0, "percent_statements_covered_display": "100"}, "missing_lines": [], "excluded_lines": []}, "EFSSnapshotManager.get_current_efs_version": {"executed_lines": [], "summary": {"covered_lines": 0, "num_statements": 7, "percent_covered": 0.0, "percent_covered_display": "0", "missing_lines": 7, "excluded_lines": 0, "percent_statements_covered": 0.0, "percent_statements_covered_display": "0"}, "missing_lines": [66, 67, 68, 69, 70, 71, 74], "excluded_lines": []}, "EFSSnapshotManager.set_efs_version": {"executed_lines": [], "summary": {"covered_lines": 0, "num_statements": 5, "percent_covered": 0.0, "percent_covered_display": "0", "missing_lines": 5, "excluded_lines": 0, "percent_statements_covered": 0.0, "percent_statements_covered_display": "0"}, "missing_lines": [78, 79, 80, 81, 82], "excluded_lines": []}, "EFSSnapshotManager.get_latest_s3_version": {"executed_lines": [], "summary": {"covered_lines": 0, "num_statements": 13, "percent_covered": 0.0, "percent_covered_display": "0", "missing_lines": 13, "excluded_lines": 0, "percent_statements_covered": 0.0, "percent_statements_covered_display": "0"}, "missing_lines": [86, 87, 89, 90, 93, 94, 95, 96, 99, 100, 101, 102, 103], "excluded_lines": []}, "EFSSnapshotManager.download_snapshot_to_efs": {"executed_lines": [], "summary": {"covered_lines": 0, "num_statements": 23, "percent_covered": 0.0, "percent_covered_display": "0", "missing_lines": 23, "excluded_lines": 0, "percent_statements_covered": 0.0, "percent_statements_covered_display": "0"}, "missing_lines": [115, 118, 119, 121, 128, 129, 130, 137, 138, 139, 141, 144, 146, 148, 156, 157, 163, 170, 172, 173, 179, 180, 189], "excluded_lines": []}, "EFSSnapshotManager.get_snapshot_path": {"executed_lines": [], "summary": {"covered_lines": 0, "num_statements": 1, "percent_covered": 0.0, "percent_covered_display": "0", "missing_lines": 1, "excluded_lines": 0, "percent_statements_covered": 0.0, "percent_statements_covered_display": "0"}, "missing_lines": [197], "excluded_lines": []}, "EFSSnapshotManager.ensure_snapshot_available": {"executed_lines": [], "summary": {"covered_lines": 0, "num_statements": 9, "percent_covered": 0.0, "percent_covered_display": "0", "missing_lines": 9, "excluded_lines": 0, "percent_statements_covered": 0.0, "percent_statements_covered_display": "0"}, "missing_lines": [210, 211, 212, 218, 226, 232, 234, 235, 241], "excluded_lines": []}, "EFSSnapshotManager.sync_to_s3_async": {"executed_lines": [], "summary": {"covered_lines": 0, "num_statements": 14, "percent_covered": 0.0, "percent_covered_display": "0", "missing_lines": 14, "excluded_lines": 0, "percent_statements_covered": 0.0, "percent_statements_covered_display": "0"}, "missing_lines": [251, 254, 262, 268, 269, 275, 276, 280, 287, 288, 292, 293, 299, 300], "excluded_lines": []}, "EFSSnapshotManager.cleanup_old_snapshots": {"executed_lines": [], "summary": {"covered_lines": 0, "num_statements": 17, "percent_covered": 0.0, "percent_covered_display": "0", "missing_lines": 17, "excluded_lines": 0, "percent_statements_covered": 0.0, "percent_statements_covered_display": "0"}, "missing_lines": [316, 317, 318, 321, 322, 323, 324, 325, 328, 331, 332, 333, 335, 342, 343, 349, 350], "excluded_lines": []}, "get_efs_snapshot_manager": {"executed_lines": [], "summary": {"covered_lines": 0, "num_statements": 1, "percent_covered": 0.0, "percent_covered_display": "0", "missing_lines": 1, "excluded_lines": 0, "percent_statements_covered": 0.0, "percent_statements_covered_display": "0"}, "missing_lines": [371], "excluded_lines": []}, "": {"executed_lines": [1, 11, 12, 13, 14, 15, 17, 18, 20, 23, 24, 26, 64, 76, 84, 105, 195, 199, 243, 309, 356], "summary": {"covered_lines": 19, "num_statements": 19, "percent_covered": 100.0, "percent_covered_display": "100", "missing_lines": 0, "excluded_lines": 0, "percent_statements_covered": 100.0, "percent_statements_covered_display": "100"}, "missing_lines": [], "excluded_lines": []}}, "classes": {"EFSSnapshotManager": {"executed_lines": [44, 45, 46, 49, 50, 55, 56, 59, 62], "summary": {"covered_lines": 9, "num_statements": 98, "percent_covered": 9.183673469387756, "percent_covered_display": "9", "missing_lines": 89, "excluded_lines": 0, "percent_statements_covered": 9.183673469387756, "percent_statements_covered_display": "9"}, "missing_lines": [66, 67, 68, 69, 70, 71, 74, 78, 79, 80, 81, 82, 86, 87, 89, 90, 93, 94, 95, 96, 99, 100, 101, 102, 103, 115, 118, 119, 121, 128, 129, 130, 137, 138, 139, 141, 144, 146, 148, 156, 157, 163, 170, 172, 173, 179, 180, 189, 197, 210, 211, 212, 218, 226, 232, 234, 235, 241, 251, 254, 262, 268, 269, 275, 276, 280, 287, 288, 292, 293, 299, 300, 316, 317, 318, 321, 322, 323, 324, 325, 328, 331, 332, 333, 335, 342, 343, 349, 350], "excluded_lines": []}, "": {"executed_lines": [1, 11, 12, 13, 14, 15, 17, 18, 20, 23, 24, 26, 64, 76, 84, 105, 195, 199, 243, 309, 356], "summary": {"covered_lines": 19, "num_statements": 20, "percent_covered": 95.0, "percent_covered_display": "95", "missing_lines": 1, "excluded_lines": 0, "percent_statements_covered": 95.0, "percent_statements_covered_display": "95"}, "missing_lines": [371], "excluded_lines": []}}}, "receipt_chroma/storage/manager.py": {"executed_lines": [1, 3, 4, 5, 7, 8, 9, 12, 13, 15, 16, 17, 20, 21, 23, 43, 44, 45, 46, 49, 50, 53, 56, 57, 58, 66, 68, 69, 70, 71, 73, 75, 76, 77, 78, 79, 80, 84, 87, 88, 89, 90, 92, 93, 94, 96, 99, 100, 101, 104, 105, 106, 107, 111, 128, 150, 157, 175, 184, 198, 200, 207, 211, 212, 214, 215, 217, 218, 221, 227, 228, 230, 232, 233, 235], "summary": {"covered_lines": 72, "num_statements": 92, "percent_covered": 78.26086956521739, "percent_covered_display": "78", "missing_lines": 20, "excluded_lines": 0, "percent_statements_covered": 78.26086956521739, "percent_statements_covered_display": "78"}, "missing_lines": [108, 109, 130, 131, 132, 135, 137, 139, 142, 189, 190, 191, 192, 193, 194, 208, 222, 223, 224, 225], "excluded_lines": [], "functions": {"StorageManager.__init__": {"executed_lines": [43, 44, 45, 46, 49, 50, 53, 56, 57, 58], "summary": {"covered_lines": 10, "num_statements": 10, "percent_covered": 100.0, "percent_covered_display": "100", "missing_lines": 0, "excluded_lines": 0, "percent_statements_covered": 100.0, "percent_statements_covered_display": "100"}, "missing_lines": [], "excluded_lines": []}, "StorageManager._detect_mode": {"executed_lines": [68, 69, 70, 71, 73, 75, 76, 77, 78, 79, 80, 84, 87, 88, 89, 90, 92, 93, 94], "summary": {"covered_lines": 19, "num_statements": 19, "percent_covered": 100.0, "percent_covered_display": "100", "missing_lines": 0, "excluded_lines": 0, "percent_statements_covered": 100.0, "percent_statements_covered_display": "100"}, "missing_lines": [], "excluded_lines": []}, "StorageManager._is_efs_available": {"executed_lines": [99, 100, 101, 104, 105, 106, 107], "summary": {"covered_lines": 7, "num_statements": 9, "percent_covered": 77.77777777777777, "percent_covered_display": "78", "missing_lines": 2, "excluded_lines": 0, "percent_statements_covered": 77.77777777777777, "percent_statements_covered_display": "78"}, "missing_lines": [108, 109], "excluded_lines": []}, "StorageManager.download_snapshot": {"executed_lines": [128, 150], "summary": {"covered_lines": 2, "num_statements": 9, "percent_covered": 22.22222222222222, "percent_covered_display": "22", "missing_lines": 7, "excluded_lines": 0, "percent_statements_covered": 22.22222222222222, "percent_statements_covered_display": "22"}, "missing_lines": [130, 131, 132, 135, 137, 139, 142], "excluded_lines": []}, "StorageManager.upload_snapshot": {"executed_lines": [175, 184, 198], "summary": {"covered_lines": 3, "num_statements": 9, "percent_covered": 33.333333333333336, "percent_covered_display": "33", "missing_lines": 6, "excluded_lines": 0, "percent_statements_covered": 33.333333333333336, "percent_statements_covered_display": "33"}, "missing_lines": [189, 190, 191, 192, 193, 194], "excluded_lines": []}, "StorageManager.get_latest_version": {"executed_lines": [207, 211, 212, 214, 215, 217, 218, 221], "summary": {"covered_lines": 8, "num_statements": 13, "percent_covered": 61.53846153846154, "percent_covered_display": "62", "missing_lines": 5, "excluded_lines": 0, "percent_statements_covered": 61.53846153846154, "percent_statements_covered_display": "62"}, "missing_lines": [208, 222, 223, 224, 225], "excluded_lines": []}, "StorageManager.effective_mode": {"executed_lines": [230], "summary": {"covered_lines": 1, "num_statements": 1, "percent_covered": 100.0, "percent_covered_display": "100", "missing_lines": 0, "excluded_lines": 0, "percent_statements_covered": 100.0, "percent_statements_covered_display": "100"}, "missing_lines": [], "excluded_lines": []}, "StorageManager.is_using_efs": {"executed_lines": [235], "summary": {"covered_lines": 1, "num_statements": 1, "percent_covered": 100.0, "percent_covered_display": "100", "missing_lines": 0, "excluded_lines": 0, "percent_statements_covered": 100.0, "percent_statements_covered_display": "100"}, "missing_lines": [], "excluded_lines": []}, "": {"executed_lines": [1, 3, 4, 5, 7, 8, 9, 12, 13, 15, 16, 17, 20, 21, 23, 66, 96, 111, 157, 200, 227, 228, 232, 233], "summary": {"covered_lines": 21, "num_statements": 21, "percent_covered": 100.0, "percent_covered_display": "100", "missing_lines": 0, "excluded_lines": 0, "percent_statements_covered": 100.0, "percent_statements_covered_display": "100"}, "missing_lines": [], "excluded_lines": []}}, "classes": {"StorageMode": {"executed_lines": [], "summary": {"covered_lines": 0, "num_statements": 0, "percent_covered": 100.0, "percent_covered_display": "100", "missing_lines": 0, "excluded_lines": 0, "percent_statements_covered": 100.0, "percent_statements_covered_display": "100"}, "missing_lines": [], "excluded_lines": []}, "StorageManager": {"executed_lines": [43, 44, 45, 46, 49, 50, 53, 56, 57, 58, 68, 69, 70, 71, 73, 75, 76, 77, 78, 79, 80, 84, 87, 88, 89, 90, 92, 93, 94, 99, 100, 101, 104, 105, 106, 107, 128, 150, 175, 184, 198, 207, 211, 212, 214, 215, 217, 218, 221, 230, 235], "summary": {"covered_lines": 51, "num_statements": 71, "percent_covered": 71.83098591549296, "percent_covered_display": "72", "missing_lines": 20, "excluded_lines": 0, "percent_statements_covered": 71.83098591549296, "percent_statements_covered_display": "72"}, "missing_lines": [108, 109, 130, 131, 132, 135, 137, 139, 142, 189, 190, 191, 192, 193, 194, 208, 222, 223, 224, 225], "excluded_lines": []}, "": {"executed_lines": [1, 3, 4, 5, 7, 8, 9, 12, 13, 15, 16, 17, 20, 21, 23, 66, 96, 111, 157, 200, 227, 228, 232, 233], "summary": {"covered_lines": 21, "num_statements": 21, "percent_covered": 100.0, "percent_covered_display": "100", "missing_lines": 0, "excluded_lines": 0, "percent_statements_covered": 100.0, "percent_statements_covered_display": "100"}, "missing_lines": [], "excluded_lines": []}}}}, "totals": {"covered_lines": 1765, "num_statements": 2678, "percent_covered": 65.90739357729649, "percent_covered_display": "66", "missing_lines": 913, "excluded_lines": 7, "percent_statements_covered": 65.90739357729649, "percent_statements_covered_display": "66"}}