{"meta": {"format": 3, "version": "7.12.0", "timestamp": "2025-11-24T12:09:51.444237", "branch_coverage": false, "show_contexts": false}, "files": {"receipt_chroma/__init__.py": {"executed_lines": [1, 3, 5, 6, 8], "summary": {"covered_lines": 4, "num_statements": 4, "percent_covered": 100.0, "percent_covered_display": "100", "missing_lines": 0, "excluded_lines": 0, "percent_statements_covered": 100.0, "percent_statements_covered_display": "100"}, "missing_lines": [], "excluded_lines": [], "functions": {"": {"executed_lines": [1, 3, 5, 6, 8], "summary": {"covered_lines": 4, "num_statements": 4, "percent_covered": 100.0, "percent_covered_display": "100", "missing_lines": 0, "excluded_lines": 0, "percent_statements_covered": 100.0, "percent_statements_covered_display": "100"}, "missing_lines": [], "excluded_lines": []}}, "classes": {"": {"executed_lines": [1, 3, 5, 6, 8], "summary": {"covered_lines": 4, "num_statements": 4, "percent_covered": 100.0, "percent_covered_display": "100", "missing_lines": 0, "excluded_lines": 0, "percent_statements_covered": 100.0, "percent_statements_covered_display": "100"}, "missing_lines": [], "excluded_lines": []}}}, "receipt_chroma/data/__init__.py": {"executed_lines": [1, 3, 5], "summary": {"covered_lines": 2, "num_statements": 2, "percent_covered": 100.0, "percent_covered_display": "100", "missing_lines": 0, "excluded_lines": 0, "percent_statements_covered": 100.0, "percent_statements_covered_display": "100"}, "missing_lines": [], "excluded_lines": [], "functions": {"": {"executed_lines": [1, 3, 5], "summary": {"covered_lines": 2, "num_statements": 2, "percent_covered": 100.0, "percent_covered_display": "100", "missing_lines": 0, "excluded_lines": 0, "percent_statements_covered": 100.0, "percent_statements_covered_display": "100"}, "missing_lines": [], "excluded_lines": []}}, "classes": {"": {"executed_lines": [1, 3, 5], "summary": {"covered_lines": 2, "num_statements": 2, "percent_covered": 100.0, "percent_covered_display": "100", "missing_lines": 0, "excluded_lines": 0, "percent_statements_covered": 100.0, "percent_statements_covered_display": "100"}, "missing_lines": [], "excluded_lines": []}}}, "receipt_chroma/data/chroma_client.py": {"executed_lines": [1, 13, 14, 15, 16, 17, 18, 19, 21, 22, 23, 24, 26, 29, 30, 53, 73, 74, 75, 76, 77, 78, 79, 82, 83, 84, 85, 86, 88, 93, 98, 105, 107, 108, 109, 111, 113, 115, 117, 120, 121, 123, 124, 125, 126, 127, 128, 129, 130, 131, 132, 134, 135, 136, 138, 139, 143, 162, 168, 170, 172, 173, 175, 177, 191, 192, 194, 195, 201, 202, 206, 210, 227, 232, 236, 238, 239, 250, 267, 268, 270, 271, 273, 274, 278, 279, 280, 283, 287, 289, 290, 292, 297, 298, 302, 305, 307, 312, 314, 316, 317, 319, 337, 338, 342, 343, 344, 345, 346, 347, 348, 350, 351, 352, 353, 355, 356, 358, 360, 362, 385, 386, 388, 390, 392, 395, 396, 397, 398, 399, 404, 408, 409, 411, 436, 450, 451, 453, 458, 462, 464, 466, 467, 469, 471, 472, 474, 476, 478, 480, 481, 482, 483, 485, 513, 585, 586, 594, 595, 596, 599], "summary": {"covered_lines": 158, "num_statements": 209, "percent_covered": 75.59808612440192, "percent_covered_display": "76", "missing_lines": 51, "excluded_lines": 1, "percent_statements_covered": 75.59808612440192, "percent_statements_covered_display": "76"}, "missing_lines": [118, 145, 147, 153, 156, 215, 216, 217, 218, 219, 222, 241, 244, 248, 393, 402, 428, 430, 431, 433, 434, 454, 455, 459, 460, 505, 538, 539, 543, 544, 546, 547, 548, 552, 555, 556, 557, 558, 559, 560, 561, 563, 564, 567, 568, 569, 571, 572, 573, 576, 583], "excluded_lines": [599], "functions": {"ChromaClient.__init__": {"executed_lines": [73, 74, 75, 76, 77, 78, 79, 82, 83, 84, 85, 86, 88, 93, 98], "summary": {"covered_lines": 15, "num_statements": 15, "percent_covered": 100.0, "percent_covered_display": "100", "missing_lines": 0, "excluded_lines": 0, "percent_statements_covered": 100.0, "percent_statements_covered_display": "100"}, "missing_lines": [], "excluded_lines": []}, "ChromaClient.__enter__": {"executed_lines": [107, 108, 109], "summary": {"covered_lines": 3, "num_statements": 3, "percent_covered": 100.0, "percent_covered_display": "100", "missing_lines": 0, "excluded_lines": 0, "percent_statements_covered": 100.0, "percent_statements_covered_display": "100"}, "missing_lines": [], "excluded_lines": []}, "ChromaClient.__exit__": {"executed_lines": [113], "summary": {"covered_lines": 1, "num_statements": 1, "percent_covered": 100.0, "percent_covered_display": "100", "missing_lines": 0, "excluded_lines": 0, "percent_statements_covered": 100.0, "percent_statements_covered_display": "100"}, "missing_lines": [], "excluded_lines": []}, "ChromaClient._ensure_client": {"executed_lines": [117, 120, 121, 123, 124, 125, 126, 127, 128, 129, 130, 131, 132, 134, 135, 136, 138, 139, 143, 162, 168, 170], "summary": {"covered_lines": 22, "num_statements": 27, "percent_covered": 81.48148148148148, "percent_covered_display": "81", "missing_lines": 5, "excluded_lines": 0, "percent_statements_covered": 81.48148148148148, "percent_statements_covered_display": "81"}, "missing_lines": [118, 145, 147, 153, 156], "excluded_lines": []}, "ChromaClient.client": {"executed_lines": [175], "summary": {"covered_lines": 1, "num_statements": 1, "percent_covered": 100.0, "percent_covered_display": "100", "missing_lines": 0, "excluded_lines": 0, "percent_statements_covered": 100.0, "percent_statements_covered_display": "100"}, "missing_lines": [], "excluded_lines": []}, "ChromaClient.close": {"executed_lines": [191, 192, 194, 195, 201, 202, 206, 210, 227, 232, 236, 238, 239], "summary": {"covered_lines": 13, "num_statements": 22, "percent_covered": 59.09090909090909, "percent_covered_display": "59", "missing_lines": 9, "excluded_lines": 0, "percent_statements_covered": 59.09090909090909, "percent_statements_covered_display": "59"}, "missing_lines": [215, 216, 217, 218, 219, 222, 241, 244, 248], "excluded_lines": []}, "ChromaClient.get_collection": {"executed_lines": [267, 268, 270, 271, 273, 274, 278, 279, 280, 283, 287, 289, 290, 292, 297, 298, 302, 305, 307, 312], "summary": {"covered_lines": 20, "num_statements": 20, "percent_covered": 100.0, "percent_covered_display": "100", "missing_lines": 0, "excluded_lines": 0, "percent_statements_covered": 100.0, "percent_statements_covered_display": "100"}, "missing_lines": [], "excluded_lines": []}, "ChromaClient._assert_writeable": {"executed_lines": [316, 317], "summary": {"covered_lines": 2, "num_statements": 2, "percent_covered": 100.0, "percent_covered_display": "100", "missing_lines": 0, "excluded_lines": 0, "percent_statements_covered": 100.0, "percent_statements_covered_display": "100"}, "missing_lines": [], "excluded_lines": []}, "ChromaClient.upsert": {"executed_lines": [337, 338, 342, 343, 344, 345, 346, 347, 348, 350, 351, 352, 353, 355, 356, 358, 360], "summary": {"covered_lines": 17, "num_statements": 17, "percent_covered": 100.0, "percent_covered_display": "100", "missing_lines": 0, "excluded_lines": 0, "percent_statements_covered": 100.0, "percent_statements_covered_display": "100"}, "missing_lines": [], "excluded_lines": []}, "ChromaClient.query": {"executed_lines": [385, 386, 388, 390, 392, 395, 396, 397, 398, 399, 404, 408, 409], "summary": {"covered_lines": 13, "num_statements": 15, "percent_covered": 86.66666666666667, "percent_covered_display": "87", "missing_lines": 2, "excluded_lines": 0, "percent_statements_covered": 86.66666666666667, "percent_statements_covered_display": "87"}, "missing_lines": [393, 402], "excluded_lines": []}, "ChromaClient.get": {"executed_lines": [], "summary": {"covered_lines": 0, "num_statements": 5, "percent_covered": 0.0, "percent_covered_display": "0", "missing_lines": 5, "excluded_lines": 0, "percent_statements_covered": 0.0, "percent_statements_covered_display": "0"}, "missing_lines": [428, 430, 431, 433, 434], "excluded_lines": []}, "ChromaClient.delete": {"executed_lines": [450, 451, 453, 458, 462], "summary": {"covered_lines": 5, "num_statements": 9, "percent_covered": 55.55555555555556, "percent_covered_display": "56", "missing_lines": 4, "excluded_lines": 0, "percent_statements_covered": 55.55555555555556, "percent_statements_covered_display": "56"}, "missing_lines": [454, 455, 459, 460], "excluded_lines": []}, "ChromaClient.count": {"executed_lines": [466, 467], "summary": {"covered_lines": 2, "num_statements": 2, "percent_covered": 100.0, "percent_covered_display": "100", "missing_lines": 0, "excluded_lines": 0, "percent_statements_covered": 100.0, "percent_statements_covered_display": "100"}, "missing_lines": [], "excluded_lines": []}, "ChromaClient.list_collections": {"executed_lines": [471, 472], "summary": {"covered_lines": 2, "num_statements": 2, "percent_covered": 100.0, "percent_covered_display": "100", "missing_lines": 0, "excluded_lines": 0, "percent_statements_covered": 100.0, "percent_statements_covered_display": "100"}, "missing_lines": [], "excluded_lines": []}, "ChromaClient.collection_exists": {"executed_lines": [476], "summary": {"covered_lines": 1, "num_statements": 1, "percent_covered": 100.0, "percent_covered_display": "100", "missing_lines": 0, "excluded_lines": 0, "percent_statements_covered": 100.0, "percent_statements_covered_display": "100"}, "missing_lines": [], "excluded_lines": []}, "ChromaClient.reset": {"executed_lines": [480, 481, 482, 483], "summary": {"covered_lines": 4, "num_statements": 4, "percent_covered": 100.0, "percent_covered_display": "100", "missing_lines": 0, "excluded_lines": 0, "percent_statements_covered": 100.0, "percent_statements_covered_display": "100"}, "missing_lines": [], "excluded_lines": []}, "ChromaClient.upsert_vectors": {"executed_lines": [], "summary": {"covered_lines": 0, "num_statements": 1, "percent_covered": 0.0, "percent_covered_display": "0", "missing_lines": 1, "excluded_lines": 0, "percent_statements_covered": 0.0, "percent_statements_covered_display": "0"}, "missing_lines": [505], "excluded_lines": []}, "ChromaClient.persist_and_upload_delta": {"executed_lines": [], "summary": {"covered_lines": 0, "num_statements": 25, "percent_covered": 0.0, "percent_covered_display": "0", "missing_lines": 25, "excluded_lines": 0, "percent_statements_covered": 0.0, "percent_statements_covered_display": "0"}, "missing_lines": [538, 539, 543, 544, 546, 547, 548, 552, 555, 556, 557, 558, 559, 560, 561, 563, 564, 567, 568, 569, 571, 572, 573, 576, 583], "excluded_lines": []}, "ChromaClient.collection": {"executed_lines": [594, 595, 596, 599], "summary": {"covered_lines": 3, "num_statements": 3, "percent_covered": 100.0, "percent_covered_display": "100", "missing_lines": 0, "excluded_lines": 1, "percent_statements_covered": 100.0, "percent_statements_covered_display": "100"}, "missing_lines": [], "excluded_lines": [599]}, "": {"executed_lines": [1, 13, 14, 15, 16, 17, 18, 19, 21, 22, 23, 24, 26, 29, 30, 53, 105, 111, 115, 172, 173, 177, 250, 314, 319, 362, 411, 436, 464, 469, 474, 478, 485, 513, 585, 586], "summary": {"covered_lines": 34, "num_statements": 34, "percent_covered": 100.0, "percent_covered_display": "100", "missing_lines": 0, "excluded_lines": 0, "percent_statements_covered": 100.0, "percent_statements_covered_display": "100"}, "missing_lines": [], "excluded_lines": []}}, "classes": {"ChromaClient": {"executed_lines": [73, 74, 75, 76, 77, 78, 79, 82, 83, 84, 85, 86, 88, 93, 98, 107, 108, 109, 113, 117, 120, 121, 123, 124, 125, 126, 127, 128, 129, 130, 131, 132, 134, 135, 136, 138, 139, 143, 162, 168, 170, 175, 191, 192, 194, 195, 201, 202, 206, 210, 227, 232, 236, 238, 239, 267, 268, 270, 271, 273, 274, 278, 279, 280, 283, 287, 289, 290, 292, 297, 298, 302, 305, 307, 312, 316, 317, 337, 338, 342, 343, 344, 345, 346, 347, 348, 350, 351, 352, 353, 355, 356, 358, 360, 385, 386, 388, 390, 392, 395, 396, 397, 398, 399, 404, 408, 409, 450, 451, 453, 458, 462, 466, 467, 471, 472, 476, 480, 481, 482, 483, 594, 595, 596, 599], "summary": {"covered_lines": 124, "num_statements": 175, "percent_covered": 70.85714285714286, "percent_covered_display": "71", "missing_lines": 51, "excluded_lines": 1, "percent_statements_covered": 70.85714285714286, "percent_statements_covered_display": "71"}, "missing_lines": [118, 145, 147, 153, 156, 215, 216, 217, 218, 219, 222, 241, 244, 248, 393, 402, 428, 430, 431, 433, 434, 454, 455, 459, 460, 505, 538, 539, 543, 544, 546, 547, 548, 552, 555, 556, 557, 558, 559, 560, 561, 563, 564, 567, 568, 569, 571, 572, 573, 576, 583], "excluded_lines": [599]}, "": {"executed_lines": [1, 13, 14, 15, 16, 17, 18, 19, 21, 22, 23, 24, 26, 29, 30, 53, 105, 111, 115, 172, 173, 177, 250, 314, 319, 362, 411, 436, 464, 469, 474, 478, 485, 513, 585, 586], "summary": {"covered_lines": 34, "num_statements": 34, "percent_covered": 100.0, "percent_covered_display": "100", "missing_lines": 0, "excluded_lines": 0, "percent_statements_covered": 100.0, "percent_statements_covered_display": "100"}, "missing_lines": [], "excluded_lines": []}}}, "receipt_chroma/lock_manager.py": {"executed_lines": [1, 9, 10, 11, 12, 13, 15, 16, 17, 19, 22, 23, 53, 71, 72, 73, 74, 75, 78, 79, 82, 83, 86, 89, 91, 101, 102, 103, 108, 110, 112, 113, 122, 124, 131, 132, 133, 135, 136, 137, 139, 145, 146, 147, 148, 150, 151, 154, 156, 157, 162, 163, 165, 172, 173, 174, 175, 177, 181, 182, 187, 189, 195, 202, 203, 205, 206, 209, 211, 214, 216, 218, 228, 229, 230, 231, 233, 235, 244, 246, 251, 253, 254, 259, 261, 308, 315, 316, 318, 325, 326, 327, 329, 339, 349, 350, 351, 352, 354, 355, 359, 360, 361, 364, 365, 371, 374, 376, 377, 384, 392, 393, 399, 401, 402, 412, 419, 420, 421, 423, 424, 428, 435, 436, 442, 443, 457, 466, 467, 468, 469, 471, 473, 474, 477, 480, 489, 491, 492, 502, 504, 505, 506, 507, 508, 510, 512, 513, 514], "summary": {"covered_lines": 147, "num_statements": 181, "percent_covered": 81.21546961325967, "percent_covered_display": "81", "missing_lines": 34, "excluded_lines": 0, "percent_statements_covered": 81.21546961325967, "percent_statements_covered_display": "81"}, "missing_lines": [178, 179, 212, 268, 270, 272, 274, 275, 277, 278, 279, 286, 290, 297, 298, 299, 300, 303, 304, 306, 381, 385, 390, 404, 405, 410, 432, 440, 449, 450, 455, 494, 495, 500], "excluded_lines": [], "functions": {"LockManager.__init__": {"executed_lines": [71, 72, 73, 74, 75, 78, 79, 82, 83, 86, 89], "summary": {"covered_lines": 11, "num_statements": 11, "percent_covered": 100.0, "percent_covered_display": "100", "missing_lines": 0, "excluded_lines": 0, "percent_statements_covered": 100.0, "percent_statements_covered_display": "100"}, "missing_lines": [], "excluded_lines": []}, "LockManager.acquire": {"executed_lines": [101, 102, 103, 108, 110, 112, 113, 122, 124, 131, 132, 133, 135, 136, 137], "summary": {"covered_lines": 15, "num_statements": 15, "percent_covered": 100.0, "percent_covered_display": "100", "missing_lines": 0, "excluded_lines": 0, "percent_statements_covered": 100.0, "percent_statements_covered_display": "100"}, "missing_lines": [], "excluded_lines": []}, "LockManager.release": {"executed_lines": [145, 146, 147, 148, 150, 151, 154, 156, 157, 162, 163], "summary": {"covered_lines": 11, "num_statements": 11, "percent_covered": 100.0, "percent_covered_display": "100", "missing_lines": 0, "excluded_lines": 0, "percent_statements_covered": 100.0, "percent_statements_covered_display": "100"}, "missing_lines": [], "excluded_lines": []}, "LockManager.start_heartbeat": {"executed_lines": [172, 173, 174, 175, 177, 181, 182, 187, 189], "summary": {"covered_lines": 9, "num_statements": 11, "percent_covered": 81.81818181818181, "percent_covered_display": "82", "missing_lines": 2, "excluded_lines": 0, "percent_statements_covered": 81.81818181818181, "percent_statements_covered_display": "82"}, "missing_lines": [178, 179], "excluded_lines": []}, "LockManager.stop_heartbeat": {"executed_lines": [202, 203, 205, 206, 209, 211, 214, 216], "summary": {"covered_lines": 8, "num_statements": 9, "percent_covered": 88.88888888888889, "percent_covered_display": "89", "missing_lines": 1, "excluded_lines": 0, "percent_statements_covered": 88.88888888888889, "percent_statements_covered_display": "89"}, "missing_lines": [212], "excluded_lines": []}, "LockManager.update_heartbeat": {"executed_lines": [228, 229, 230, 231, 233, 235, 244, 246, 251, 253, 254, 259], "summary": {"covered_lines": 12, "num_statements": 12, "percent_covered": 100.0, "percent_covered_display": "100", "missing_lines": 0, "excluded_lines": 0, "percent_statements_covered": 100.0, "percent_statements_covered_display": "100"}, "missing_lines": [], "excluded_lines": []}, "LockManager._heartbeat_worker": {"executed_lines": [], "summary": {"covered_lines": 0, "num_statements": 17, "percent_covered": 0.0, "percent_covered_display": "0", "missing_lines": 17, "excluded_lines": 0, "percent_statements_covered": 0.0, "percent_statements_covered_display": "0"}, "missing_lines": [268, 270, 272, 274, 275, 277, 278, 279, 286, 290, 297, 298, 299, 300, 303, 304, 306], "excluded_lines": []}, "LockManager.is_locked": {"executed_lines": [315, 316], "summary": {"covered_lines": 2, "num_statements": 2, "percent_covered": 100.0, "percent_covered_display": "100", "missing_lines": 0, "excluded_lines": 0, "percent_statements_covered": 100.0, "percent_statements_covered_display": "100"}, "missing_lines": [], "excluded_lines": []}, "LockManager.get_lock_info": {"executed_lines": [325, 326, 327, 329], "summary": {"covered_lines": 4, "num_statements": 4, "percent_covered": 100.0, "percent_covered_display": "100", "missing_lines": 0, "excluded_lines": 0, "percent_statements_covered": 100.0, "percent_statements_covered_display": "100"}, "missing_lines": [], "excluded_lines": []}, "LockManager.validate_ownership": {"executed_lines": [349, 350, 351, 352, 354, 355, 359, 360, 361, 364, 365, 371, 374, 376, 377, 384, 392, 393, 399, 401, 402], "summary": {"covered_lines": 21, "num_statements": 27, "percent_covered": 77.77777777777777, "percent_covered_display": "78", "missing_lines": 6, "excluded_lines": 0, "percent_statements_covered": 77.77777777777777, "percent_statements_covered_display": "78"}, "missing_lines": [381, 385, 390, 404, 405, 410], "excluded_lines": []}, "LockManager.get_remaining_time": {"executed_lines": [419, 420, 421, 423, 424, 428, 435, 436, 442, 443], "summary": {"covered_lines": 10, "num_statements": 15, "percent_covered": 66.66666666666667, "percent_covered_display": "67", "missing_lines": 5, "excluded_lines": 0, "percent_statements_covered": 66.66666666666667, "percent_statements_covered_display": "67"}, "missing_lines": [432, 440, 449, 450, 455], "excluded_lines": []}, "LockManager.refresh_lock": {"executed_lines": [466, 467, 468, 469, 471, 473, 474, 477, 480, 489, 491, 492], "summary": {"covered_lines": 12, "num_statements": 15, "percent_covered": 80.0, "percent_covered_display": "80", "missing_lines": 3, "excluded_lines": 0, "percent_statements_covered": 80.0, "percent_statements_covered_display": "80"}, "missing_lines": [494, 495, 500], "excluded_lines": []}, "LockManager.__enter__": {"executed_lines": [504, 505, 506, 507, 508], "summary": {"covered_lines": 5, "num_statements": 5, "percent_covered": 100.0, "percent_covered_display": "100", "missing_lines": 0, "excluded_lines": 0, "percent_statements_covered": 100.0, "percent_statements_covered_display": "100"}, "missing_lines": [], "excluded_lines": []}, "LockManager.__exit__": {"executed_lines": [512, 513, 514], "summary": {"covered_lines": 3, "num_statements": 3, "percent_covered": 100.0, "percent_covered_display": "100", "missing_lines": 0, "excluded_lines": 0, "percent_statements_covered": 100.0, "percent_statements_covered_display": "100"}, "missing_lines": [], "excluded_lines": []}, "": {"executed_lines": [1, 9, 10, 11, 12, 13, 15, 16, 17, 19, 22, 23, 53, 91, 139, 165, 195, 218, 261, 308, 318, 339, 412, 457, 502, 510], "summary": {"covered_lines": 24, "num_statements": 24, "percent_covered": 100.0, "percent_covered_display": "100", "missing_lines": 0, "excluded_lines": 0, "percent_statements_covered": 100.0, "percent_statements_covered_display": "100"}, "missing_lines": [], "excluded_lines": []}}, "classes": {"LockManager": {"executed_lines": [71, 72, 73, 74, 75, 78, 79, 82, 83, 86, 89, 101, 102, 103, 108, 110, 112, 113, 122, 124, 131, 132, 133, 135, 136, 137, 145, 146, 147, 148, 150, 151, 154, 156, 157, 162, 163, 172, 173, 174, 175, 177, 181, 182, 187, 189, 202, 203, 205, 206, 209, 211, 214, 216, 228, 229, 230, 231, 233, 235, 244, 246, 251, 253, 254, 259, 315, 316, 325, 326, 327, 329, 349, 350, 351, 352, 354, 355, 359, 360, 361, 364, 365, 371, 374, 376, 377, 384, 392, 393, 399, 401, 402, 419, 420, 421, 423, 424, 428, 435, 436, 442, 443, 466, 467, 468, 469, 471, 473, 474, 477, 480, 489, 491, 492, 504, 505, 506, 507, 508, 512, 513, 514], "summary": {"covered_lines": 123, "num_statements": 157, "percent_covered": 78.34394904458598, "percent_covered_display": "78", "missing_lines": 34, "excluded_lines": 0, "percent_statements_covered": 78.34394904458598, "percent_statements_covered_display": "78"}, "missing_lines": [178, 179, 212, 268, 270, 272, 274, 275, 277, 278, 279, 286, 290, 297, 298, 299, 300, 303, 304, 306, 381, 385, 390, 404, 405, 410, 432, 440, 449, 450, 455, 494, 495, 500], "excluded_lines": []}, "": {"executed_lines": [1, 9, 10, 11, 12, 13, 15, 16, 17, 19, 22, 23, 53, 91, 139, 165, 195, 218, 261, 308, 318, 339, 412, 457, 502, 510], "summary": {"covered_lines": 24, "num_statements": 24, "percent_covered": 100.0, "percent_covered_display": "100", "missing_lines": 0, "excluded_lines": 0, "percent_statements_covered": 100.0, "percent_statements_covered_display": "100"}, "missing_lines": [], "excluded_lines": []}}}}, "totals": {"covered_lines": 311, "num_statements": 396, "percent_covered": 78.53535353535354, "percent_covered_display": "79", "missing_lines": 85, "excluded_lines": 1, "percent_statements_covered": 78.53535353535354, "percent_statements_covered_display": "79"}}